#
# A fatal error has been detected by the Java Runtime Environment:
#
#  EXCEPTION_ACCESS_VIOLATION (0xc0000005) at pc=0x000001f4faa0394f, pid=8968, tid=8308
#
# JRE version: Java(TM) SE Runtime Environment (23.0.2+7) (build 23.0.2+7-58)
# Java VM: Java HotSpot(TM) 64-Bit Server VM (23.0.2+7-58, mixed mode, emulated-client, sharing, tiered, compressed oops, compressed class ptrs, g1 gc, windows-amd64)
# Problematic frame:
# v  ~MethodHandlesAdapterBlob 0x000001f4faa0394f
#
# No core dump will be written. Minidumps are not enabled by default on client versions of Windows
#
# If you would like to submit a bug report, please visit:
#   https://bugreport.java.com/bugreport/crash.jsp
#

---------------  S U M M A R Y ------------

Command Line: -XX:+ShowCodeDetailsInExceptionMessages -agentlib:jdwp=transport=dt_socket,suspend=y,address=localhost:62703 -Dcom.sun.management.jmxremote -Dcom.sun.management.jmxremote.port=62697 -Dcom.sun.management.jmxremote.authenticate=false -Dcom.sun.management.jmxremote.ssl=false -Djava.rmi.server.hostname=localhost -Dspring.jmx.enabled=true -Dmanagement.endpoints.jmx.exposure.include=* -Dspring.application.admin.enabled=true -XX:TieredStopAtLevel=1 -Dspring.boot.project.name=dattingapp -javaagent:C:\Users\DELL\Downloads\Software\sts-4.26.0.RELEASE\configuration\org.eclipse.osgi\271\0\.cp\lib\javaagent-shaded.jar -Dfile.encoding=UTF-8 -Dstdout.encoding=UTF-8 -Dstderr.encoding=UTF-8 com.example.dattingapp.DattingappApplication --spring.output.ansi.enabled=always

Host: Intel(R) Core(TM) i5-4310U CPU @ 2.00GHz, 4 cores, 7G,  Windows 10 , 64 bit Build 19041 (10.0.19041.5438)
Time: Sat Mar  1 21:17:17 2025 India Standard Time elapsed time: 4894.233829 seconds (0d 1h 21m 34s)

---------------  T H R E A D  ---------------

Current thread (0x000001f4ca120220):  JavaThread "restartedMain"        [_thread_in_Java, id=8308, stack(0x0000005cfc700000,0x0000005cfc800000) (1024K)]

Stack: [0x0000005cfc700000,0x0000005cfc800000],  sp=0x0000005cfc7fd668,  free space=1013k
Native frames: (J=compiled Java code, j=interpreted, Vv=VM code, C=native code)
C  0x000001f4faa0394f  (no source info available)

The last pc belongs to _linkToSpecial (printed below).

siginfo: EXCEPTION_ACCESS_VIOLATION (0xc0000005), reading address 0xfffffffffffffff7


Registers:
RAX=0x000001f4fa9d8f26, RBX=0x00000000840f73c0, RCX=0xfffffffffffffff7, RDX=0x0000000000000002
RSP=0x0000005cfc7fd668, RBP=0x0000005cfc7fd6b8, RSI=0x000001f4c9e7ace8, RDI=0x000001f4cd02f6b0
R8 =0x0000000000000004, R9 =0x0000000000000004, R10=0x00007ff9343444e0, R11=0x000001f4841e59e8
R12=0x0000000000000000, R13=0x0000005cfc7fd668, R14=0x0000005cfc7fd6d8, R15=0x000001f4ca120220
RIP=0x000001f4faa0394f, EFLAGS=0x0000000000010202


Register to memory mapping:

RAX=0x000001f4fa9d8f26 is at code_begin+3174 in an Interpreter codelet
return entry points  [0x000001f4fa9d82c0, 0x000001f4fa9da1c8]  7944 bytes
RBX=0x00000000840f73c0 is an oop: com.example.dattingapp.controller.RecommendationController 
{0x00000000840f73c0} - klass: 'com/example/dattingapp/controller/RecommendationController'
 - ---- fields (total size 2 words):
 - private 'recommendationService' 'Lcom/example/dattingapp/service/RecommendationService;' @12  null (0x00000000)
RCX=0xfffffffffffffff7 is an unknown value
RDX=0x0000000000000002 is an unknown value
RSP=0x0000005cfc7fd668 is pointing into the stack for thread: 0x000001f4ca120220
RBP=0x0000005cfc7fd6b8 is pointing into the stack for thread: 0x000001f4ca120220
RSI=0x000001f4c9e7ace8 points into unknown readable memory: 0x880018001aa1b298 | 98 b2 a1 1a 00 18 00 88
RDI=0x000001f4cd02f6b0 points into unknown readable memory: 0x0000001800000070 | 70 00 00 00 18 00 00 00
R8 =0x0000000000000004 is an unknown value
R9 =0x0000000000000004 is an unknown value
R10=0x00007ff9343444e0 jvm.dll
R11={method} {0x000001f4841e59f0} 'newInvokeSpecial' '(Ljava/lang/Object;)Ljava/lang/Object;' in 'java/lang/invoke/DirectMethodHandle$Holder'
R12=0x0 is null
R13=0x0000005cfc7fd668 is pointing into the stack for thread: 0x000001f4ca120220
R14=0x0000005cfc7fd6d8 is pointing into the stack for thread: 0x000001f4ca120220
R15=0x000001f4ca120220 is a thread

Top of Stack: (sp=0x0000005cfc7fd668)
0x0000005cfc7fd668:   000001f4fa9d8f26 fffffffffffffff7
0x0000005cfc7fd678:   000001f4847f2087 0000000000000004
0x0000005cfc7fd688:   000001f4841e1cd8 0000000000000000
0x0000005cfc7fd698:   0000000081b0b328 000001f4841e59e8
0x0000005cfc7fd6a8:   fffffffffffffff6 0000005cfc7fd6e0
0x0000005cfc7fd6b8:   0000005cfc7fea08 000001f4fad4a363
0x0000005cfc7fd6c8:   00000000840f7318 00000000840f73c0
0x0000005cfc7fd6d8:   00000000840f7378 0000005cfc7fea08
0x0000005cfc7fd6e8:   000001f4facb3ed4 0000000000000000
0x0000005cfc7fd6f8:   00007ff966624756 0000005cfc7fea08
0x0000005cfc7fd708:   000001f4fb1a997c 0000000000000004
0x0000005cfc7fd718:   000001f4c9d8f850 000001f4cc21c700
0x0000005cfc7fd728:   00007ff96661ea66 000001f4c90d8f40
0x0000005cfc7fd738:   00007ff933c6836e 000001f4ca120220
0x0000005cfc7fd748:   00007ff966632c78 0000000000000000
0x0000005cfc7fd758:   00007ff966620888 0000000081b377a0
0x0000005cfc7fd768:   0000000086629b20 00000000840f6fc0
0x0000005cfc7fd778:   00000000840f6fc0 0000000086629b20
0x0000005cfc7fd788:   0000000000000000 00000000840f73a8
0x0000005cfc7fd798:   00000000840f7150 0000005cfc7fea08
0x0000005cfc7fd7a8:   000001f4fb1a9e3c 0000000000000000
0x0000005cfc7fd7b8:   0000000000000000 0000005cfc7fea08
0x0000005cfc7fd7c8:   000001f4facb38dc 00000000840f7378
0x0000005cfc7fd7d8:   0000000000000000 0000000000000000
0x0000005cfc7fd7e8:   000001f4c9be9b00 000001f4ca120220
0x0000005cfc7fd7f8:   0000000000000000 00000000840f70f8
0x0000005cfc7fd808:   0000000000000000 00000000840f6fc0
0x0000005cfc7fd818:   00000000840f73a8 00000000840f70f8
0x0000005cfc7fd828:   0000000000000000 0000000000000000
0x0000005cfc7fd838:   000001f4fad49a4c 0000005cfc7fea08
0x0000005cfc7fd848:   000001f4fad47cca 0000000000000000
0x0000005cfc7fd858:   000001f4fabdeb79 0000005cfc7fea08 

Instructions: (pc=0x000001f4faa0394f)
0x000001f4faa0384f:   90 66 66 66 0f 1f 84 00 00 00 00 00 66 66 66 90
0x000001f4faa0385f:   90 48 8b 53 08 0f b7 52 2e 48 8b 0c d4 8b 59 14
0x000001f4faa0386f:   8b 5b 28 8b 5b 24 48 8b 5b 10 48 85 db 0f 84 10
0x000001f4faa0387f:   00 00 00 41 80 bf e0 05 00 00 00 74 03 ff 63 38
0x000001f4faa0388f:   ff 63 50 e9 c9 16 00 00 66 0f 1f 84 00 00 00 00
0x000001f4faa0389f:   00 48 8b 53 08 0f b7 52 2e 48 8b 0c d4 58 5b 50
0x000001f4faa038af:   44 8b 51 08 49 bb 00 00 00 84 f4 01 00 00 4d 03
0x000001f4faa038bf:   d3 4c 8b 5b 10 4b 8b 9c da d0 01 00 00 48 85 db
0x000001f4faa038cf:   0f 84 10 00 00 00 41 80 bf e0 05 00 00 00 74 03
0x000001f4faa038df:   ff 63 38 ff 63 50 e9 76 16 00 00 66 66 66 0f 1f
0x000001f4faa038ef:   84 00 00 00 00 00 66 66 66 90 0f 1f 80 00 00 00
0x000001f4faa038ff:   00 58 5b 50 8b 5b 24 48 8b 5b 10 48 85 db 0f 84
0x000001f4faa0390f:   10 00 00 00 41 80 bf e0 05 00 00 00 74 03 ff 63
0x000001f4faa0391f:   38 ff 63 50 e9 38 16 00 00 66 66 66 0f 1f 84 00
0x000001f4faa0392f:   00 00 00 00 66 66 66 90 66 0f 1f 84 00 00 00 00
0x000001f4faa0393f:   00 48 8b 53 08 0f b7 52 2e 48 8b 0c d4 58 5b 50
0x000001f4faa0394f:   48 3b 01 8b 5b 24 48 8b 5b 10 48 85 db 0f 84 10
0x000001f4faa0395f:   00 00 00 41 80 bf e0 05 00 00 00 74 03 ff 63 38
0x000001f4faa0396f:   ff 63 50 e9 e9 15 00 00 66 0f 1f 84 00 00 00 00
0x000001f4faa0397f:   00 48 8b 53 08 0f b7 52 2e 48 8b 0c d4 58 5b 50
0x000001f4faa0398f:   44 8b 51 08 49 bb 00 00 00 84 f4 01 00 00 4d 03
0x000001f4faa0399f:   d3 8b 43 18 48 8b 40 10 48 8b 5b 10 45 8b 9a ac
0x000001f4faa039af:   00 00 00 4f 8d 9c da d0 01 00 00 4d 8d 14 da 49
0x000001f4faa039bf:   8b 1b 48 3b c3 74 15 48 85 db 0f 84 32 00 00 00
0x000001f4faa039cf:   49 83 c3 10 49 8b 1b 48 3b c3 75 eb 45 8b 5b 08
0x000001f4faa039df:   4b 8b 1c 1a 48 85 db 0f 84 10 00 00 00 41 80 bf
0x000001f4faa039ef:   e0 05 00 00 00 74 03 ff 63 38 ff 63 50 e9 5f 15
0x000001f4faa039ff:   00 00 e9 5a 12 00 00 f4 00 00 00 00 00 00 00 00
0x000001f4faa03a0f:   00 00 00 00 00 00 00 00 00 00 00 00 00 00 00 00
0x000001f4faa03a1f:   00 00 00 00 00 00 00 00 00 00 00 00 00 00 00 00
0x000001f4faa03a2f:   00 00 00 00 00 00 00 00 00 00 00 00 00 00 00 00
0x000001f4faa03a3f:   00 00 00 00 00 00 00 00 00 00 00 00 00 00 00 00 


Stack slot to memory mapping:

stack at sp + 0 slots: 0x000001f4fa9d8f26 is at code_begin+3174 in an Interpreter codelet
return entry points  [0x000001f4fa9d82c0, 0x000001f4fa9da1c8]  7944 bytes
stack at sp + 1 slots: 0xfffffffffffffff7 is an unknown value
stack at sp + 2 slots: 0x000001f4847f2087 is pointing into metadata
stack at sp + 3 slots: 0x0000000000000004 is an unknown value
stack at sp + 4 slots: 0x000001f4841e1cd8 is pointing into metadata
stack at sp + 5 slots: 0x0 is null
stack at sp + 6 slots: 0x0000000081b0b328 is an oop: java.lang.Class 
{0x0000000081b0b328} - klass: 'java/lang/Class'
 - ---- fields (total size 14 words):
 - private volatile transient 'classRedefinedCount' 'I' @12  0 (0x00000000)
 - injected 'klass' 'J' @16  2149700213456 (0x000001f4841e1ad0)
 - injected 'array_klass' 'J' @24  0 (0x0000000000000000)
 - injected 'oop_size' 'I' @32  14 (0x0000000e)
 - injected 'static_oop_field_count' 'I' @36  0 (0x00000000)
 - private volatile transient 'cachedConstructor' 'Ljava/lang/reflect/Constructor;' @40  null (0x00000000)
 - private transient 'name' 'Ljava/lang/String;' @44  null (0x00000000)
 - private transient 'module' 'Ljava/lang/Module;' @48  a 'java/lang/Module'{0x0000000081b007c0} (0x81b007c0)
 - private final 'classLoader' 'Ljava/lang/ClassLoader;' @52  null (0x00000000)
 - private transient 'classData' 'Ljava/lang/Object;' @56  null (0x00000000)
 - private transient 'packageName' 'Ljava/lang/String;' @60  null (0x00000000)
 - private final 'componentType' 'Ljava/lang/Class;' @64  null (0x00000000)
 - private volatile transient 'reflectionData' 'Ljava/lang/ref/SoftReference;' @68  null (0x00000000)
 - private volatile transient 'genericInfo' 'Lsun/reflect/generics/repository/ClassRepository;' @72  null (0x00000000)
 - private volatile transient 'enumConstants' '[Ljava/lang/Object;' @76  null (0x00000000)
 - private volatile transient 'enumConstantDirectory' 'Ljava/util/Map;' @80  null (0x00000000)
 - private volatile transient 'annotationData' 'Ljava/lang/Class$AnnotationData;' @84  null (0x00000000)
 - private volatile transient 'annotationType' 'Lsun/reflect/annotation/AnnotationType;' @88  null (0x00000000)
 - transient 'classValueMap' 'Ljava/lang/ClassValue$ClassValueMap;' @92  null (0x00000000)
 - injected 'protection_domain' 'Ljava/lang/Object;' @96  null (0x00000000)
 - injected 'signers_name' 'Ljava/lang/Object;' @100  null (0x00000000)
 - injected 'source_file' 'Ljava/lang/Object;' @104  null (0x00000000)
 - injected '<init_lock>' 'Ljava/lang/Object;' @108  null (0x00000000)
 - signature: Ljava/lang/invoke/DirectMethodHandle$Holder;
 - ---- static fields (0):
stack at sp + 7 slots: {method} {0x000001f4841e59f0} 'newInvokeSpecial' '(Ljava/lang/Object;)Ljava/lang/Object;' in 'java/lang/invoke/DirectMethodHandle$Holder'

Lock stack of current Java thread (top to bottom):

MethodHandle::interpreter_entry::_linkToSpecial [0x000001f4faa03928, 0x000001f4faa03977] (79 bytes)
[MachCode]
  0x000001f4faa03928: 6666 660f | 1f84 0000 | 0000 0066 | 6666 9066 | 0f1f 8400 | 0000 0000 | 488b 5308 | 0fb7 522e 
  0x000001f4faa03948: 488b 0cd4 | 585b 5048 | 3b01 8b5b | 2448 8b5b | 1048 85db | 0f84 1000 | 0000 4180 | bfe0 0500 
  0x000001f4faa03968: 0000 7403 | ff63 38ff | 6350 e9e9 | 
[/MachCode]

---------------  P R O C E S S  ---------------

Threads class SMR info:
_java_thread_list=0x000001f4cd063b90, length=27, elements={
0x000001f4fe6aa930, 0x000001f4fe6ac1a0, 0x000001f4fe6b0280, 0x000001f4fe6b1cf0,
0x000001f4fe6b2b60, 0x000001f4fe6b35c0, 0x000001f4fe6b4020, 0x000001f4c909bb00,
0x000001f4c9105e30, 0x000001f4c911dc00, 0x000001f4c911e290, 0x000001f4c98b4ad0,
0x000001f4c9a876f0, 0x000001f4c9a9da50, 0x000001f4c9aa6120, 0x000001f4c9b8d6c0,
0x000001f4c9b77ef0, 0x000001f4ca1222f0, 0x000001f4cb6da7d0, 0x000001f4cc9bc0e0,
0x000001f4ca121c60, 0x000001f4ca1236a0, 0x000001f4ca120220, 0x000001f4ca1208b0,
0x000001f4ca120f40, 0x000001f4ca1215d0, 0x000001f4cc9b78b0
}

Java Threads: ( => current thread )
  0x000001f4fe6aa930 JavaThread "Reference Handler"          daemon [_thread_blocked, id=72, stack(0x0000005cfb100000,0x0000005cfb200000) (1024K)]
  0x000001f4fe6ac1a0 JavaThread "Finalizer"                  daemon [_thread_blocked, id=12352, stack(0x0000005cfb200000,0x0000005cfb300000) (1024K)]
  0x000001f4fe6b0280 JavaThread "Signal Dispatcher"          daemon [_thread_blocked, id=15592, stack(0x0000005cfb300000,0x0000005cfb400000) (1024K)]
  0x000001f4fe6b1cf0 JavaThread "Attach Listener"            daemon [_thread_blocked, id=3036, stack(0x0000005cfb400000,0x0000005cfb500000) (1024K)]
  0x000001f4fe6b2b60 JavaThread "Service Thread"             daemon [_thread_blocked, id=13104, stack(0x0000005cfb500000,0x0000005cfb600000) (1024K)]
  0x000001f4fe6b35c0 JavaThread "Monitor Deflation Thread"   daemon [_thread_blocked, id=444, stack(0x0000005cfb600000,0x0000005cfb700000) (1024K)]
  0x000001f4fe6b4020 JavaThread "C1 CompilerThread0"         daemon [_thread_blocked, id=1200, stack(0x0000005cfb700000,0x0000005cfb800000) (1024K)]
  0x000001f4c909bb00 JavaThread "Common-Cleaner"             daemon [_thread_blocked, id=9728, stack(0x0000005cfb800000,0x0000005cfb900000) (1024K)]
  0x000001f4c9105e30 JavaThread "JDWP Transport Listener: dt_socket" daemon [_thread_blocked, id=2352, stack(0x0000005cfba00000,0x0000005cfbb00000) (1024K)]
  0x000001f4c911dc00 JavaThread "JDWP Event Helper Thread"   daemon [_thread_blocked, id=10516, stack(0x0000005cfbb00000,0x0000005cfbc00000) (1024K)]
  0x000001f4c911e290 JavaThread "JDWP Command Reader"        daemon [_thread_in_native, id=16428, stack(0x0000005cfbc00000,0x0000005cfbd00000) (1024K)]
  0x000001f4c98b4ad0 JavaThread "Notification Thread"        daemon [_thread_blocked, id=4728, stack(0x0000005cfbd00000,0x0000005cfbe00000) (1024K)]
  0x000001f4c9a876f0 JavaThread "RMI TCP Accept-0"           daemon [_thread_in_native, id=1700, stack(0x0000005cfc200000,0x0000005cfc300000) (1024K)]
  0x000001f4c9a9da50 JavaThread "RMI TCP Accept-62697"       daemon [_thread_in_native, id=7776, stack(0x0000005cfc300000,0x0000005cfc400000) (1024K)]
  0x000001f4c9aa6120 JavaThread "RMI TCP Accept-0"           daemon [_thread_in_native, id=8980, stack(0x0000005cfc500000,0x0000005cfc600000) (1024K)]
  0x000001f4c9b8d6c0 JavaThread "RMI Scheduler(0)"           daemon [_thread_blocked, id=2248, stack(0x0000005cfc600000,0x0000005cfc700000) (1024K)]
  0x000001f4c9b77ef0 JavaThread "JMX server connection timeout 33" daemon [_thread_blocked, id=1156, stack(0x0000005cfc800000,0x0000005cfc900000) (1024K)]
  0x000001f4ca1222f0 JavaThread "mysql-cj-abandoned-connection-cleanup" daemon [_thread_blocked, id=14292, stack(0x0000005cfce00000,0x0000005cfcf00000) (1024K)]
  0x000001f4cb6da7d0 JavaThread "Live Reload Server"         daemon [_thread_in_native, id=1388, stack(0x0000005cfd400000,0x0000005cfd500000) (1024K)]
  0x000001f4cc9bc0e0 JavaThread "DestroyJavaVM"                     [_thread_blocked, id=6416, stack(0x0000005cfa900000,0x0000005cfaa00000) (1024K)]
  0x000001f4ca121c60 JavaThread "RMI TCP Connection(idle)"   daemon [_thread_blocked, id=16008, stack(0x0000005cfdb00000,0x0000005cfdc00000) (1024K)]
  0x000001f4ca1236a0 JavaThread "Thread-19"                         [_thread_blocked, id=10448, stack(0x0000005cfa700000,0x0000005cfa800000) (1024K)]
=>0x000001f4ca120220 JavaThread "restartedMain"                     [_thread_in_Java, id=8308, stack(0x0000005cfc700000,0x0000005cfc800000) (1024K)]
  0x000001f4ca1208b0 JavaThread "Catalina-utility-1"                [_thread_blocked, id=2408, stack(0x0000005cfa800000,0x0000005cfa900000) (1024K)]
  0x000001f4ca120f40 JavaThread "Catalina-utility-2"                [_thread_blocked, id=3632, stack(0x0000005cfc100000,0x0000005cfc200000) (1024K)]
  0x000001f4ca1215d0 JavaThread "container-0"                       [_thread_blocked, id=11780, stack(0x0000005cfc400000,0x0000005cfc500000) (1024K)]
  0x000001f4cc9b78b0 JavaThread "HikariPool-6 housekeeper"   daemon [_thread_blocked, id=15096, stack(0x0000005cfc900000,0x0000005cfca00000) (1024K)]
Total: 27

Other Threads:
  0x000001f4fe691fa0 VMThread "VM Thread"                           [id=17132, stack(0x0000005cfb000000,0x0000005cfb100000) (1024K)]
  0x000001f4fe681b60 WatcherThread "VM Periodic Task Thread"        [id=1520, stack(0x0000005cfaf00000,0x0000005cfb000000) (1024K)]
  0x000001f4f22e7fb0 WorkerThread "GC Thread#0"                     [id=14268, stack(0x0000005cfaa00000,0x0000005cfab00000) (1024K)]
  0x000001f4c99b5420 WorkerThread "GC Thread#1"                     [id=8984, stack(0x0000005cfbe00000,0x0000005cfbf00000) (1024K)]
  0x000001f4c99b57d0 WorkerThread "GC Thread#2"                     [id=10628, stack(0x0000005cfbf00000,0x0000005cfc000000) (1024K)]
  0x000001f4c99c7010 WorkerThread "GC Thread#3"                     [id=7876, stack(0x0000005cfc000000,0x0000005cfc100000) (1024K)]
  0x000001f4f22fcba0 ConcurrentGCThread "G1 Main Marker"            [id=16264, stack(0x0000005cfab00000,0x0000005cfac00000) (1024K)]
  0x000001f4f22fd5c0 WorkerThread "G1 Conc#0"                       [id=6780, stack(0x0000005cfac00000,0x0000005cfad00000) (1024K)]
  0x000001f4f234e630 ConcurrentGCThread "G1 Refine#0"               [id=15792, stack(0x0000005cfad00000,0x0000005cfae00000) (1024K)]
  0x000001f4fe557670 ConcurrentGCThread "G1 Service"                [id=4840, stack(0x0000005cfae00000,0x0000005cfaf00000) (1024K)]
Total: 10

Threads with active compile tasks:
Total: 0

VM state: not at safepoint (normal execution)

VM Mutex/Monitor currently owned by a thread: None

Heap address: 0x0000000081600000, size: 2026 MB, Compressed Oops mode: 32-bit

CDS archive(s) mapped at: [0x000001f484000000-0x000001f484d70000-0x000001f484d70000), size 14090240, SharedBaseAddress: 0x000001f484000000, ArchiveRelocationMode: 1.
Compressed class space mapped at: 0x000001f485000000-0x000001f4c5000000, reserved size: 1073741824
Narrow klass base: 0x000001f484000000, Narrow klass shift: 0, Narrow klass range: 0x41000000

GC Precious Log:
 CardTable entry size: 512
 Card Set container configuration: InlinePtr #cards 5 size 8 Array Of Cards #cards 10 size 36 Howl #buckets 4 coarsen threshold 1843 Howl Bitmap #cards 512 size 80 coarsen threshold 460 Card regions per heap region 1 cards per card region 2048
 CPUs: 4 total, 4 available
 Memory: 8097M
 Large Page Support: Disabled
 NUMA Support: Disabled
 Compressed Oops: Enabled (32-bit)
 Heap Region Size: 1M
 Heap Min Capacity: 8M
 Heap Initial Capacity: 128M
 Heap Max Capacity: 2026M
 Pre-touch: Disabled
 Parallel Workers: 4
 Concurrent Workers: 1
 Concurrent Refinement Workers: 4
 Periodic GC: Disabled

Heap:
 garbage-first heap   total reserved 2074624K, committed 92160K, used 74074K [0x0000000081600000, 0x0000000100000000)
  region size 1024K, 49 young (50176K), 0 survivors (0K)
 Metaspace       used 74641K, committed 75392K, reserved 1114112K
  class space    used 10916K, committed 11264K, reserved 1048576K

Heap Regions: E=young(eden), S=young(survivor), O=old, HS=humongous(starts), HC=humongous(continues), CS=collection set, F=free, TAMS=top-at-mark-start, PB=parsable bottom
|   0|0x0000000081600000, 0x0000000081700000, 0x0000000081700000|100%|HS|  |TAMS 0x0000000081600000| PB 0x0000000081600000| Untracked |  0
|   1|0x0000000081700000, 0x0000000081800000, 0x0000000081800000|100%|HS|  |TAMS 0x0000000081700000| PB 0x0000000081700000| Untracked |  0
|   2|0x0000000081800000, 0x0000000081900000, 0x0000000081900000|100%| O|  |TAMS 0x0000000081800000| PB 0x0000000081800000| Untracked |  0
|   3|0x0000000081900000, 0x0000000081a00000, 0x0000000081a00000|100%| O|  |TAMS 0x0000000081900000| PB 0x0000000081900000| Untracked |  0
|   4|0x0000000081a00000, 0x0000000081afffe8, 0x0000000081b00000| 99%| O|  |TAMS 0x0000000081a00000| PB 0x0000000081a00000| Untracked |  0
|   5|0x0000000081b00000, 0x0000000081bfffe0, 0x0000000081c00000| 99%| O|  |TAMS 0x0000000081b00000| PB 0x0000000081b00000| Untracked |  0
|   6|0x0000000081c00000, 0x0000000081d00000, 0x0000000081d00000|100%| O|  |TAMS 0x0000000081c00000| PB 0x0000000081c00000| Untracked |  0
|   7|0x0000000081d00000, 0x0000000081dffff8, 0x0000000081e00000| 99%| O|  |TAMS 0x0000000081d00000| PB 0x0000000081d00000| Untracked |  0
|   8|0x0000000081e00000, 0x0000000081efffa8, 0x0000000081f00000| 99%| O|  |TAMS 0x0000000081e00000| PB 0x0000000081e00000| Untracked |  0
|   9|0x0000000081f00000, 0x0000000081ffffe0, 0x0000000082000000| 99%| O|  |TAMS 0x0000000081f00000| PB 0x0000000081f00000| Untracked |  0
|  10|0x0000000082000000, 0x00000000820fffd8, 0x0000000082100000| 99%| O|  |TAMS 0x0000000082000000| PB 0x0000000082000000| Untracked |  0
|  11|0x0000000082100000, 0x00000000821ffff0, 0x0000000082200000| 99%| O|  |TAMS 0x0000000082100000| PB 0x0000000082100000| Untracked |  0
|  12|0x0000000082200000, 0x00000000822fffd8, 0x0000000082300000| 99%| O|  |TAMS 0x0000000082200000| PB 0x0000000082200000| Untracked |  0
|  13|0x0000000082300000, 0x00000000823ffff8, 0x0000000082400000| 99%| O|  |TAMS 0x0000000082300000| PB 0x0000000082300000| Untracked |  0
|  14|0x0000000082400000, 0x0000000082500000, 0x0000000082500000|100%| O|  |TAMS 0x0000000082400000| PB 0x0000000082400000| Untracked |  0
|  15|0x0000000082500000, 0x00000000825fffe8, 0x0000000082600000| 99%| O|  |TAMS 0x0000000082500000| PB 0x0000000082500000| Untracked |  0
|  16|0x0000000082600000, 0x00000000826f9748, 0x0000000082700000| 97%| O|  |TAMS 0x0000000082600000| PB 0x0000000082600000| Untracked |  0
|  17|0x0000000082700000, 0x00000000827fffd0, 0x0000000082800000| 99%| O|  |TAMS 0x0000000082700000| PB 0x0000000082700000| Untracked |  0
|  18|0x0000000082800000, 0x00000000828ffff8, 0x0000000082900000| 99%| O|  |TAMS 0x0000000082800000| PB 0x0000000082800000| Untracked |  0
|  19|0x0000000082900000, 0x00000000829ffff0, 0x0000000082a00000| 99%| O|  |TAMS 0x0000000082900000| PB 0x0000000082900000| Untracked |  0
|  20|0x0000000082a00000, 0x0000000082afffe8, 0x0000000082b00000| 99%| O|  |TAMS 0x0000000082a00000| PB 0x0000000082a00000| Untracked |  0
|  21|0x0000000082b00000, 0x0000000082bffff8, 0x0000000082c00000| 99%| O|  |TAMS 0x0000000082b00000| PB 0x0000000082b00000| Untracked |  0
|  22|0x0000000082c00000, 0x0000000082cffff0, 0x0000000082d00000| 99%| O|  |TAMS 0x0000000082c00000| PB 0x0000000082c00000| Untracked |  0
|  23|0x0000000082d00000, 0x0000000082da0848, 0x0000000082e00000| 62%| O|  |TAMS 0x0000000082d00000| PB 0x0000000082d00000| Untracked |  0
|  24|0x0000000082e00000, 0x0000000082e71508, 0x0000000082f00000| 44%| O|  |TAMS 0x0000000082e00000| PB 0x0000000082e00000| Untracked |  0
|  25|0x0000000082f00000, 0x0000000082f4b8e8, 0x0000000083000000| 29%| O|  |TAMS 0x0000000082f00000| PB 0x0000000082f00000| Untracked |  0
|  26|0x0000000083000000, 0x0000000083000000, 0x0000000083100000|  0%| F|  |TAMS 0x0000000083000000| PB 0x0000000083000000| Untracked |  0
|  27|0x0000000083100000, 0x0000000083100000, 0x0000000083200000|  0%| F|  |TAMS 0x0000000083100000| PB 0x0000000083100000| Untracked |  0
|  28|0x0000000083200000, 0x0000000083200000, 0x0000000083300000|  0%| F|  |TAMS 0x0000000083200000| PB 0x0000000083200000| Untracked |  0
|  29|0x0000000083300000, 0x0000000083300000, 0x0000000083400000|  0%| F|  |TAMS 0x0000000083300000| PB 0x0000000083300000| Untracked |  0
|  30|0x0000000083400000, 0x0000000083400000, 0x0000000083500000|  0%| F|  |TAMS 0x0000000083400000| PB 0x0000000083400000| Untracked |  0
|  31|0x0000000083500000, 0x0000000083500000, 0x0000000083600000|  0%| F|  |TAMS 0x0000000083500000| PB 0x0000000083500000| Untracked |  0
|  32|0x0000000083600000, 0x0000000083600000, 0x0000000083700000|  0%| F|  |TAMS 0x0000000083600000| PB 0x0000000083600000| Untracked |  0
|  33|0x0000000083700000, 0x0000000083800000, 0x0000000083800000|100%| O|  |TAMS 0x0000000083700000| PB 0x0000000083700000| Untracked |  0
|  34|0x0000000083800000, 0x0000000083800000, 0x0000000083900000|  0%| F|  |TAMS 0x0000000083800000| PB 0x0000000083800000| Untracked |  0
|  35|0x0000000083900000, 0x0000000083900000, 0x0000000083a00000|  0%| F|  |TAMS 0x0000000083900000| PB 0x0000000083900000| Untracked |  0
|  36|0x0000000083a00000, 0x0000000083a00000, 0x0000000083b00000|  0%| F|  |TAMS 0x0000000083a00000| PB 0x0000000083a00000| Untracked |  0
|  37|0x0000000083b00000, 0x0000000083b00000, 0x0000000083c00000|  0%| F|  |TAMS 0x0000000083b00000| PB 0x0000000083b00000| Untracked |  0
|  38|0x0000000083c00000, 0x0000000083c00000, 0x0000000083d00000|  0%| F|  |TAMS 0x0000000083c00000| PB 0x0000000083c00000| Untracked |  0
|  39|0x0000000083d00000, 0x0000000083d00000, 0x0000000083e00000|  0%| F|  |TAMS 0x0000000083d00000| PB 0x0000000083d00000| Untracked |  0
|  40|0x0000000083e00000, 0x0000000083e00000, 0x0000000083f00000|  0%| F|  |TAMS 0x0000000083e00000| PB 0x0000000083e00000| Untracked |  0
|  41|0x0000000083f00000, 0x0000000083ff4320, 0x0000000084000000| 95%| E|  |TAMS 0x0000000083f00000| PB 0x0000000083f00000| Complete |  0
|  42|0x0000000084000000, 0x0000000084100000, 0x0000000084100000|100%| E|CS|TAMS 0x0000000084000000| PB 0x0000000084000000| Complete |  0
|  43|0x0000000084100000, 0x0000000084200000, 0x0000000084200000|100%| E|CS|TAMS 0x0000000084100000| PB 0x0000000084100000| Complete |  0
|  44|0x0000000084200000, 0x0000000084300000, 0x0000000084300000|100%| E|CS|TAMS 0x0000000084200000| PB 0x0000000084200000| Complete |  0
|  45|0x0000000084300000, 0x0000000084400000, 0x0000000084400000|100%| E|  |TAMS 0x0000000084300000| PB 0x0000000084300000| Complete |  0
|  46|0x0000000084400000, 0x0000000084500000, 0x0000000084500000|100%| E|CS|TAMS 0x0000000084400000| PB 0x0000000084400000| Complete |  0
|  47|0x0000000084500000, 0x0000000084600000, 0x0000000084600000|100%| E|CS|TAMS 0x0000000084500000| PB 0x0000000084500000| Complete |  0
|  48|0x0000000084600000, 0x0000000084700000, 0x0000000084700000|100%| E|CS|TAMS 0x0000000084600000| PB 0x0000000084600000| Complete |  0
|  49|0x0000000084700000, 0x0000000084800000, 0x0000000084800000|100%| E|CS|TAMS 0x0000000084700000| PB 0x0000000084700000| Complete |  0
|  50|0x0000000084800000, 0x0000000084900000, 0x0000000084900000|100%| E|CS|TAMS 0x0000000084800000| PB 0x0000000084800000| Complete |  0
|  51|0x0000000084900000, 0x0000000084a00000, 0x0000000084a00000|100%| E|CS|TAMS 0x0000000084900000| PB 0x0000000084900000| Complete |  0
|  52|0x0000000084a00000, 0x0000000084b00000, 0x0000000084b00000|100%| E|CS|TAMS 0x0000000084a00000| PB 0x0000000084a00000| Complete |  0
|  53|0x0000000084b00000, 0x0000000084c00000, 0x0000000084c00000|100%| E|CS|TAMS 0x0000000084b00000| PB 0x0000000084b00000| Complete |  0
|  54|0x0000000084c00000, 0x0000000084d00000, 0x0000000084d00000|100%| E|CS|TAMS 0x0000000084c00000| PB 0x0000000084c00000| Complete |  0
|  55|0x0000000084d00000, 0x0000000084e00000, 0x0000000084e00000|100%| E|CS|TAMS 0x0000000084d00000| PB 0x0000000084d00000| Complete |  0
|  56|0x0000000084e00000, 0x0000000084f00000, 0x0000000084f00000|100%| E|CS|TAMS 0x0000000084e00000| PB 0x0000000084e00000| Complete |  0
|  57|0x0000000084f00000, 0x0000000085000000, 0x0000000085000000|100%| E|CS|TAMS 0x0000000084f00000| PB 0x0000000084f00000| Complete |  0
|  58|0x0000000085000000, 0x0000000085100000, 0x0000000085100000|100%| E|CS|TAMS 0x0000000085000000| PB 0x0000000085000000| Complete |  0
|  59|0x0000000085100000, 0x0000000085200000, 0x0000000085200000|100%| E|CS|TAMS 0x0000000085100000| PB 0x0000000085100000| Complete |  0
|  60|0x0000000085200000, 0x0000000085300000, 0x0000000085300000|100%| E|CS|TAMS 0x0000000085200000| PB 0x0000000085200000| Complete |  0
|  61|0x0000000085300000, 0x0000000085400000, 0x0000000085400000|100%| E|CS|TAMS 0x0000000085300000| PB 0x0000000085300000| Complete |  0
|  62|0x0000000085400000, 0x0000000085500000, 0x0000000085500000|100%| E|CS|TAMS 0x0000000085400000| PB 0x0000000085400000| Complete |  0
|  63|0x0000000085500000, 0x0000000085600000, 0x0000000085600000|100%| E|CS|TAMS 0x0000000085500000| PB 0x0000000085500000| Complete |  0
|  64|0x0000000085600000, 0x0000000085700000, 0x0000000085700000|100%| E|CS|TAMS 0x0000000085600000| PB 0x0000000085600000| Complete |  0
|  65|0x0000000085700000, 0x0000000085800000, 0x0000000085800000|100%| E|CS|TAMS 0x0000000085700000| PB 0x0000000085700000| Complete |  0
|  66|0x0000000085800000, 0x0000000085900000, 0x0000000085900000|100%| E|CS|TAMS 0x0000000085800000| PB 0x0000000085800000| Complete |  0
|  67|0x0000000085900000, 0x0000000085a00000, 0x0000000085a00000|100%| E|CS|TAMS 0x0000000085900000| PB 0x0000000085900000| Complete |  0
|  68|0x0000000085a00000, 0x0000000085b00000, 0x0000000085b00000|100%| E|CS|TAMS 0x0000000085a00000| PB 0x0000000085a00000| Complete |  0
|  69|0x0000000085b00000, 0x0000000085c00000, 0x0000000085c00000|100%| E|CS|TAMS 0x0000000085b00000| PB 0x0000000085b00000| Complete |  0
|  70|0x0000000085c00000, 0x0000000085d00000, 0x0000000085d00000|100%| E|CS|TAMS 0x0000000085c00000| PB 0x0000000085c00000| Complete |  0
|  71|0x0000000085d00000, 0x0000000085e00000, 0x0000000085e00000|100%| E|CS|TAMS 0x0000000085d00000| PB 0x0000000085d00000| Complete |  0
|  72|0x0000000085e00000, 0x0000000085f00000, 0x0000000085f00000|100%| E|CS|TAMS 0x0000000085e00000| PB 0x0000000085e00000| Complete |  0
|  73|0x0000000085f00000, 0x0000000086000000, 0x0000000086000000|100%| E|CS|TAMS 0x0000000085f00000| PB 0x0000000085f00000| Complete |  0
|  74|0x0000000086000000, 0x0000000086100000, 0x0000000086100000|100%| E|CS|TAMS 0x0000000086000000| PB 0x0000000086000000| Complete |  0
|  75|0x0000000086100000, 0x0000000086200000, 0x0000000086200000|100%| E|CS|TAMS 0x0000000086100000| PB 0x0000000086100000| Complete |  0
|  76|0x0000000086200000, 0x0000000086300000, 0x0000000086300000|100%| E|CS|TAMS 0x0000000086200000| PB 0x0000000086200000| Complete |  0
|  77|0x0000000086300000, 0x0000000086400000, 0x0000000086400000|100%| E|CS|TAMS 0x0000000086300000| PB 0x0000000086300000| Complete |  0
|  78|0x0000000086400000, 0x0000000086500000, 0x0000000086500000|100%| E|CS|TAMS 0x0000000086400000| PB 0x0000000086400000| Complete |  0
|  79|0x0000000086500000, 0x0000000086600000, 0x0000000086600000|100%| E|CS|TAMS 0x0000000086500000| PB 0x0000000086500000| Complete |  0
|  80|0x0000000086600000, 0x0000000086700000, 0x0000000086700000|100%| E|CS|TAMS 0x0000000086600000| PB 0x0000000086600000| Complete |  0
|  81|0x0000000086700000, 0x0000000086800000, 0x0000000086800000|100%| E|CS|TAMS 0x0000000086700000| PB 0x0000000086700000| Complete |  0
|  82|0x0000000086800000, 0x0000000086900000, 0x0000000086900000|100%| E|CS|TAMS 0x0000000086800000| PB 0x0000000086800000| Complete |  0
|  83|0x0000000086900000, 0x0000000086a00000, 0x0000000086a00000|100%| E|CS|TAMS 0x0000000086900000| PB 0x0000000086900000| Complete |  0
|  84|0x0000000086a00000, 0x0000000086b00000, 0x0000000086b00000|100%| E|CS|TAMS 0x0000000086a00000| PB 0x0000000086a00000| Complete |  0
|  85|0x0000000086b00000, 0x0000000086c00000, 0x0000000086c00000|100%| E|CS|TAMS 0x0000000086b00000| PB 0x0000000086b00000| Complete |  0
|  86|0x0000000086c00000, 0x0000000086d00000, 0x0000000086d00000|100%| E|CS|TAMS 0x0000000086c00000| PB 0x0000000086c00000| Complete |  0
|  87|0x0000000086d00000, 0x0000000086e00000, 0x0000000086e00000|100%| E|CS|TAMS 0x0000000086d00000| PB 0x0000000086d00000| Complete |  0
|  88|0x0000000086e00000, 0x0000000086f00000, 0x0000000086f00000|100%| E|CS|TAMS 0x0000000086e00000| PB 0x0000000086e00000| Complete |  0
|  89|0x0000000086f00000, 0x0000000087000000, 0x0000000087000000|100%| E|CS|TAMS 0x0000000086f00000| PB 0x0000000086f00000| Complete |  0

Card table byte_map: [0x000001f4fddd0000,0x000001f4fe1d0000] _byte_map_base: 0x000001f4fd9c5000

Marking Bits: (CMBitMap*) 0x000001f4f22e85d0
 Bits: [0x000001f480000000, 0x000001f481fa8000)

Polling page: 0x000001f4effc0000

Metaspace:

Usage:
  Non-class:     62.23 MB used.
      Class:     10.66 MB used.
       Both:     72.89 MB used.

Virtual space:
  Non-class space:       64.00 MB reserved,      62.62 MB ( 98%) committed,  1 nodes.
      Class space:        1.00 GB reserved,      11.00 MB (  1%) committed,  1 nodes.
             Both:        1.06 GB reserved,      73.62 MB (  7%) committed. 

Chunk freelists:
   Non-Class:  1.02 MB
       Class:  4.93 MB
        Both:  5.95 MB

MaxMetaspaceSize: unlimited
CompressedClassSpaceSize: 1.00 GB
Initial GC threshold: 21.00 MB
Current GC threshold: 122.62 MB
CDS: on
 - commit_granule_bytes: 65536.
 - commit_granule_words: 8192.
 - virtual_space_node_default_size: 8388608.
 - enlarge_chunks_in_place: 1.
 - use_allocation_guard: 0.


Internal statistics:

num_allocs_failed_limit: 12.
num_arena_births: 1826.
num_arena_deaths: 986.
num_vsnodes_births: 2.
num_vsnodes_deaths: 0.
num_space_committed: 1178.
num_space_uncommitted: 0.
num_chunks_returned_to_freelist: 1167.
num_chunks_taken_from_freelist: 4762.
num_chunk_merges: 230.
num_chunk_splits: 2996.
num_chunks_enlarged: 2310.
num_inconsistent_stats: 0.

CodeCache: size=49152Kb used=10886Kb max_used=11760Kb free=38265Kb
 bounds [0x000001f4fa9d0000, 0x000001f4fb5b0000, 0x000001f4fd9d0000]
 total_blobs=7619, nmethods=6880, adapters=663, full_count=0
Compilation: enabled, stopped_count=0, restarted_count=0

Compilation events (20 events):
Event: 4879.174 Thread 0x000001f4fe6b4020 9696       1       sun.util.calendar.CalendarDate::setLeapYear (6 bytes)
Event: 4879.174 Thread 0x000001f4fe6b4020 nmethod 9696 0x000001f4fb422c08 code [0x000001f4fb422d20, 0x000001f4fb422df0]
Event: 4879.174 Thread 0x000001f4fe6b4020 9697       1       java.util.StringTokenizer::<init> (8 bytes)
Event: 4879.175 Thread 0x000001f4fe6b4020 nmethod 9697 0x000001f4fb422908 code [0x000001f4fb422a20, 0x000001f4fb422b28]
Event: 4879.175 Thread 0x000001f4fe6b4020 9698       1       com.mysql.cj.CharsetMapping::getStaticMysqlCharsetNameForCollationIndex (32 bytes)
Event: 4879.176 Thread 0x000001f4fe6b4020 nmethod 9698 0x000001f4fb422608 code [0x000001f4fb422740, 0x000001f4fb4228d0]
Event: 4879.176 Thread 0x000001f4fe6b4020 9699       1       org.hibernate.service.internal.SessionFactoryServiceRegistryImpl::getService (36 bytes)
Event: 4879.176 Thread 0x000001f4fe6b4020 nmethod 9699 0x000001f4fb422208 code [0x000001f4fb422360, 0x000001f4fb422560]
Event: 4879.185 Thread 0x000001f4fe6b4020 9700       1       java.util.HashSet::toArray (18 bytes)
Event: 4879.186 Thread 0x000001f4fe6b4020 nmethod 9700 0x000001f4fb421f08 code [0x000001f4fb422020, 0x000001f4fb4221b0]
Event: 4879.482 Thread 0x000001f4fe6b4020 9701       1       com.mysql.cj.conf.HostInfo::getDatabase (33 bytes)
Event: 4879.486 Thread 0x000001f4fe6b4020 nmethod 9701 0x000001f4fb421c08 code [0x000001f4fb421d40, 0x000001f4fb421ed8]
Event: 4879.486 Thread 0x000001f4fe6b4020 9705       1       com.mysql.cj.NativeQueryAttributesBindings::<init> (26 bytes)
Event: 4879.486 Thread 0x000001f4fe6b4020 nmethod 9705 0x000001f4fb421808 code [0x000001f4fb421920, 0x000001f4fb421b98]
Event: 4879.486 Thread 0x000001f4fe6b4020 9702       1       com.mysql.cj.protocol.a.ColumnDefinitionFactory::getColumnCount (5 bytes)
Event: 4879.486 Thread 0x000001f4fe6b4020 nmethod 9702 0x000001f4fb421508 code [0x000001f4fb421620, 0x000001f4fb4216e8]
Event: 4879.486 Thread 0x000001f4fe6b4020 9703       1       com.mysql.cj.protocol.a.ColumnDefinitionFactory::getColumnDefinitionFromCache (5 bytes)
Event: 4879.486 Thread 0x000001f4fe6b4020 nmethod 9703 0x000001f4fb421208 code [0x000001f4fb421320, 0x000001f4fb4213e8]
Event: 4879.486 Thread 0x000001f4fe6b4020 9704       1       com.mysql.cj.protocol.AbstractProtocol::getExceptionInterceptor (5 bytes)
Event: 4879.487 Thread 0x000001f4fe6b4020 nmethod 9704 0x000001f4fb420f08 code [0x000001f4fb421020, 0x000001f4fb4210e8]

GC Heap History (20 events):
Event: 1708.916 GC heap before
{Heap before GC invocations=35 (full 4):
 garbage-first heap   total reserved 2074624K, committed 81920K, used 71051K [0x0000000081600000, 0x0000000100000000)
  region size 1024K, 41 young (41984K), 2 survivors (2048K)
 Metaspace       used 72291K, committed 72896K, reserved 1114112K
  class space    used 10593K, committed 10816K, reserved 1048576K
}
Event: 1708.921 GC heap after
{Heap after GC invocations=36 (full 4):
 garbage-first heap   total reserved 2074624K, committed 81920K, used 32516K [0x0000000081600000, 0x0000000100000000)
  region size 1024K, 2 young (2048K), 2 survivors (2048K)
 Metaspace       used 72291K, committed 72896K, reserved 1114112K
  class space    used 10593K, committed 10816K, reserved 1048576K
}
Event: 2698.631 GC heap before
{Heap before GC invocations=36 (full 4):
 garbage-first heap   total reserved 2074624K, committed 81920K, used 72452K [0x0000000081600000, 0x0000000100000000)
  region size 1024K, 42 young (43008K), 2 survivors (2048K)
 Metaspace       used 73738K, committed 74432K, reserved 1114112K
  class space    used 10811K, committed 11072K, reserved 1048576K
}
Event: 2698.647 GC heap after
{Heap after GC invocations=37 (full 4):
 garbage-first heap   total reserved 2074624K, committed 81920K, used 33426K [0x0000000081600000, 0x0000000100000000)
  region size 1024K, 3 young (3072K), 3 survivors (3072K)
 Metaspace       used 73738K, committed 74432K, reserved 1114112K
  class space    used 10811K, committed 11072K, reserved 1048576K
}
Event: 4560.517 GC heap before
{Heap before GC invocations=37 (full 4):
 garbage-first heap   total reserved 2074624K, committed 81920K, used 59026K [0x0000000081600000, 0x0000000100000000)
  region size 1024K, 30 young (30720K), 3 survivors (3072K)
 Metaspace       used 74006K, committed 74688K, reserved 1114112K
  class space    used 10855K, committed 11136K, reserved 1048576K
}
Event: 4561.045 GC heap after
{Heap after GC invocations=38 (full 5):
 garbage-first heap   total reserved 2074624K, committed 81920K, used 26085K [0x0000000081600000, 0x0000000100000000)
  region size 1024K, 0 young (0K), 0 survivors (0K)
 Metaspace       used 73882K, committed 74688K, reserved 1114112K
  class space    used 10820K, committed 11136K, reserved 1048576K
}
Event: 4561.285 GC heap before
{Heap before GC invocations=38 (full 5):
 garbage-first heap   total reserved 2074624K, committed 81920K, used 26085K [0x0000000081600000, 0x0000000100000000)
  region size 1024K, 1 young (1024K), 0 survivors (0K)
 Metaspace       used 73882K, committed 74688K, reserved 1114112K
  class space    used 10820K, committed 11136K, reserved 1048576K
}
Event: 4561.374 GC heap after
{Heap after GC invocations=39 (full 6):
 garbage-first heap   total reserved 2074624K, committed 81920K, used 25513K [0x0000000081600000, 0x0000000100000000)
  region size 1024K, 0 young (0K), 0 survivors (0K)
 Metaspace       used 73882K, committed 74688K, reserved 1114112K
  class space    used 10820K, committed 11136K, reserved 1048576K
}
Event: 4564.662 GC heap before
{Heap before GC invocations=39 (full 6):
 garbage-first heap   total reserved 2074624K, committed 81920K, used 71593K [0x0000000081600000, 0x0000000100000000)
  region size 1024K, 46 young (47104K), 0 survivors (0K)
 Metaspace       used 74082K, committed 74816K, reserved 1114112K
  class space    used 10867K, committed 11200K, reserved 1048576K
}
Event: 4564.694 GC heap after
{Heap after GC invocations=40 (full 6):
 garbage-first heap   total reserved 2074624K, committed 81920K, used 30474K [0x0000000081600000, 0x0000000100000000)
  region size 1024K, 5 young (5120K), 5 survivors (5120K)
 Metaspace       used 74082K, committed 74816K, reserved 1114112K
  class space    used 10867K, committed 11200K, reserved 1048576K
}
Event: 4779.622 GC heap before
{Heap before GC invocations=40 (full 6):
 garbage-first heap   total reserved 2074624K, committed 81920K, used 61194K [0x0000000081600000, 0x0000000100000000)
  region size 1024K, 36 young (36864K), 5 survivors (5120K)
 Metaspace       used 74326K, committed 75072K, reserved 1114112K
  class space    used 10893K, committed 11200K, reserved 1048576K
}
Event: 4779.710 GC heap after
{Heap after GC invocations=41 (full 7):
 garbage-first heap   total reserved 2074624K, committed 81920K, used 28198K [0x0000000081600000, 0x0000000100000000)
  region size 1024K, 0 young (0K), 0 survivors (0K)
 Metaspace       used 74260K, committed 75072K, reserved 1114112K
  class space    used 10876K, committed 11200K, reserved 1048576K
}
Event: 4779.780 GC heap before
{Heap before GC invocations=41 (full 7):
 garbage-first heap   total reserved 2074624K, committed 81920K, used 28198K [0x0000000081600000, 0x0000000100000000)
  region size 1024K, 1 young (1024K), 0 survivors (0K)
 Metaspace       used 74260K, committed 75072K, reserved 1114112K
  class space    used 10876K, committed 11200K, reserved 1048576K
}
Event: 4779.873 GC heap after
{Heap after GC invocations=42 (full 8):
 garbage-first heap   total reserved 2074624K, committed 81920K, used 25268K [0x0000000081600000, 0x0000000100000000)
  region size 1024K, 0 young (0K), 0 survivors (0K)
 Metaspace       used 74147K, committed 75072K, reserved 1114112K
  class space    used 10844K, committed 11200K, reserved 1048576K
}
Event: 4783.040 GC heap before
{Heap before GC invocations=42 (full 8):
 garbage-first heap   total reserved 2074624K, committed 81920K, used 70324K [0x0000000081600000, 0x0000000100000000)
  region size 1024K, 45 young (46080K), 0 survivors (0K)
 Metaspace       used 74335K, committed 75072K, reserved 1114112K
  class space    used 10887K, committed 11200K, reserved 1048576K
}
Event: 4783.057 GC heap after
{Heap after GC invocations=43 (full 8):
 garbage-first heap   total reserved 2074624K, committed 245760K, used 30385K [0x0000000081600000, 0x0000000100000000)
  region size 1024K, 5 young (5120K), 5 survivors (5120K)
 Metaspace       used 74335K, committed 75072K, reserved 1114112K
  class space    used 10887K, committed 11200K, reserved 1048576K
}
Event: 4875.426 GC heap before
{Heap before GC invocations=43 (full 8):
 garbage-first heap   total reserved 2074624K, committed 245760K, used 65201K [0x0000000081600000, 0x0000000100000000)
  region size 1024K, 40 young (40960K), 5 survivors (5120K)
 Metaspace       used 74576K, committed 75328K, reserved 1114112K
  class space    used 10913K, committed 11264K, reserved 1048576K
}
Event: 4875.498 GC heap after
{Heap after GC invocations=44 (full 9):
 garbage-first heap   total reserved 2074624K, committed 106496K, used 28887K [0x0000000081600000, 0x0000000100000000)
  region size 1024K, 0 young (0K), 0 survivors (0K)
 Metaspace       used 74521K, committed 75328K, reserved 1114112K
  class space    used 10899K, committed 11264K, reserved 1048576K
}
Event: 4875.500 GC heap before
{Heap before GC invocations=44 (full 9):
 garbage-first heap   total reserved 2074624K, committed 106496K, used 28887K [0x0000000081600000, 0x0000000100000000)
  region size 1024K, 1 young (1024K), 0 survivors (0K)
 Metaspace       used 74521K, committed 75328K, reserved 1114112K
  class space    used 10899K, committed 11264K, reserved 1048576K
}
Event: 4875.568 GC heap after
{Heap after GC invocations=45 (full 10):
 garbage-first heap   total reserved 2074624K, committed 92160K, used 25946K [0x0000000081600000, 0x0000000100000000)
  region size 1024K, 0 young (0K), 0 survivors (0K)
 Metaspace       used 74408K, committed 75328K, reserved 1114112K
  class space    used 10867K, committed 11264K, reserved 1048576K
}

Dll operation events (13 events):
Event: 0.052 Loaded shared library C:\Program Files\Java\jdk-23\bin\java.dll
Event: 1.380 Loaded shared library C:\Program Files\Java\jdk-23\bin\zip.dll
Event: 1.390 Loaded shared library C:\Program Files\Java\jdk-23\bin\instrument.dll
Event: 1.401 Loaded shared library C:\Program Files\Java\jdk-23\bin\net.dll
Event: 1.408 Loaded shared library C:\Program Files\Java\jdk-23\bin\nio.dll
Event: 1.415 Loaded shared library C:\Program Files\Java\jdk-23\bin\zip.dll
Event: 2.045 Loaded shared library C:\Program Files\Java\jdk-23\bin\jimage.dll
Event: 2.127 Loaded shared library C:\Program Files\Java\jdk-23\bin\management.dll
Event: 2.142 Loaded shared library C:\Program Files\Java\jdk-23\bin\management_ext.dll
Event: 2.618 Loaded shared library C:\Program Files\Java\jdk-23\bin\extnet.dll
Event: 2.651 Loaded shared library C:\Program Files\Java\jdk-23\bin\verify.dll
Event: 6.475 Loaded shared library C:\Program Files\Java\jdk-23\bin\sunmscapi.dll
Event: 8.388 Loaded shared library C:\Users\DELL\Downloads\Software\apache-tomcat-9.0.95\bin\tcnative-1.dll

Deoptimization events (20 events):
Event: 4879.192 Thread 0x000001f4ca120220 DEOPT PACKING pc=0x000001f4fb044af4 sp=0x0000005cfc7f93e0
Event: 4879.192 Thread 0x000001f4ca120220 DEOPT UNPACKING pc=0x000001f4faa24b22 sp=0x0000005cfc7f8918 mode 1
Event: 4879.192 Thread 0x000001f4ca120220 DEOPT PACKING pc=0x000001f4fb045ce4 sp=0x0000005cfc7f94d0
Event: 4879.192 Thread 0x000001f4ca120220 DEOPT UNPACKING pc=0x000001f4faa24b22 sp=0x0000005cfc7f8a80 mode 1
Event: 4879.192 Thread 0x000001f4ca120220 DEOPT PACKING pc=0x000001f4fb046d3c sp=0x0000005cfc7f9640
Event: 4879.192 Thread 0x000001f4ca120220 DEOPT UNPACKING pc=0x000001f4faa24b22 sp=0x0000005cfc7f8c00 mode 1
Event: 4879.194 Thread 0x000001f4ca120220 DEOPT PACKING pc=0x000001f4fb044af4 sp=0x0000005cfc7fc7a0
Event: 4879.194 Thread 0x000001f4ca120220 DEOPT UNPACKING pc=0x000001f4faa24b22 sp=0x0000005cfc7fbcd8 mode 1
Event: 4879.194 Thread 0x000001f4ca120220 DEOPT PACKING pc=0x000001f4fb045ce4 sp=0x0000005cfc7fc890
Event: 4879.194 Thread 0x000001f4ca120220 DEOPT UNPACKING pc=0x000001f4faa24b22 sp=0x0000005cfc7fbe40 mode 1
Event: 4879.194 Thread 0x000001f4ca120220 DEOPT PACKING pc=0x000001f4fb046d3c sp=0x0000005cfc7fca00
Event: 4879.194 Thread 0x000001f4ca120220 DEOPT UNPACKING pc=0x000001f4faa24b22 sp=0x0000005cfc7fbfc0 mode 1
Event: 4879.197 Thread 0x000001f4ca120220 DEOPT PACKING pc=0x000001f4fb044af4 sp=0x0000005cfc7fc7a0
Event: 4879.197 Thread 0x000001f4ca120220 DEOPT UNPACKING pc=0x000001f4faa24b22 sp=0x0000005cfc7fbcd8 mode 1
Event: 4879.197 Thread 0x000001f4ca120220 DEOPT PACKING pc=0x000001f4fb045ce4 sp=0x0000005cfc7fc890
Event: 4879.197 Thread 0x000001f4ca120220 DEOPT UNPACKING pc=0x000001f4faa24b22 sp=0x0000005cfc7fbe40 mode 1
Event: 4879.197 Thread 0x000001f4ca120220 DEOPT PACKING pc=0x000001f4fb046d3c sp=0x0000005cfc7fca00
Event: 4879.197 Thread 0x000001f4ca120220 DEOPT UNPACKING pc=0x000001f4faa24b22 sp=0x0000005cfc7fbfc0 mode 1
Event: 4893.985 Thread 0x000001f4ca120220 DEOPT PACKING pc=0x000001f4facb6014 sp=0x0000005cfc7fd670
Event: 4893.985 Thread 0x000001f4ca120220 DEOPT UNPACKING pc=0x000001f4faa24b22 sp=0x0000005cfc7fcb28 mode 0

Classes loaded (20 events):
Event: 4373.225 Loading class java/util/stream/ReferencePipeline$4
Event: 4373.226 Loading class java/util/stream/ReferencePipeline$4 done
Event: 4373.227 Loading class java/util/function/IntBinaryOperator
Event: 4373.227 Loading class java/util/function/IntBinaryOperator done
Event: 4373.228 Loading class java/util/stream/ReduceOps$7
Event: 4373.229 Loading class java/util/stream/ReduceOps$7 done
Event: 4373.229 Loading class java/util/stream/ReduceOps$6ReducingSink
Event: 4373.229 Loading class java/util/stream/ReduceOps$6ReducingSink done
Event: 4373.229 Loading class java/util/stream/ReferencePipeline$4$1
Event: 4373.230 Loading class java/util/stream/ReferencePipeline$4$1 done
Event: 4373.250 Loading class java/io/PrintWriter$1
Event: 4373.250 Loading class jdk/internal/access/JavaIOPrintWriterAccess
Event: 4373.250 Loading class jdk/internal/access/JavaIOPrintWriterAccess done
Event: 4373.250 Loading class java/io/PrintWriter$1 done
Event: 4373.251 Loading class java/lang/Throwable$WrappedPrintWriter
Event: 4373.251 Loading class java/lang/Throwable$WrappedPrintWriter done
Event: 4564.980 Loading class java/time/DurationEditor
Event: 4564.980 Loading class java/time/DurationEditor done
Event: 4783.386 Loading class java/time/DurationEditor
Event: 4783.386 Loading class java/time/DurationEditor done

Classes unloaded (20 events):
Event: 4875.528 Thread 0x000001f4fe691fa0 Unloading class 0x000001f485005000 'java/lang/invoke/LambdaForm$MH+0x000001f485005000'
Event: 4875.528 Thread 0x000001f4fe691fa0 Unloading class 0x000001f48500b400 'java/lang/invoke/LambdaForm$MH+0x000001f48500b400'
Event: 4875.528 Thread 0x000001f4fe691fa0 Unloading class 0x000001f48508cc00 'java/lang/invoke/LambdaForm$MH+0x000001f48508cc00'
Event: 4875.528 Thread 0x000001f4fe691fa0 Unloading class 0x000001f48514ac00 'java/lang/invoke/LambdaForm$MH+0x000001f48514ac00'
Event: 4875.528 Thread 0x000001f4fe691fa0 Unloading class 0x000001f4853b5800 'java/lang/invoke/LambdaForm$MH+0x000001f4853b5800'
Event: 4875.528 Thread 0x000001f4fe691fa0 Unloading class 0x000001f4853b6400 'java/lang/invoke/LambdaForm$MH+0x000001f4853b6400'
Event: 4875.528 Thread 0x000001f4fe691fa0 Unloading class 0x000001f4853c0000 'java/lang/invoke/LambdaForm$MH+0x000001f4853c0000'
Event: 4875.528 Thread 0x000001f4fe691fa0 Unloading class 0x000001f4853dd800 'java/lang/invoke/LambdaForm$MH+0x000001f4853dd800'
Event: 4875.528 Thread 0x000001f4fe691fa0 Unloading class 0x000001f485438c00 'java/lang/invoke/LambdaForm$MH+0x000001f485438c00'
Event: 4875.528 Thread 0x000001f4fe691fa0 Unloading class 0x000001f485479000 'java/lang/invoke/LambdaForm$MH+0x000001f485479000'
Event: 4875.528 Thread 0x000001f4fe691fa0 Unloading class 0x000001f4854ac400 'java/lang/invoke/LambdaForm$MH+0x000001f4854ac400'
Event: 4875.528 Thread 0x000001f4fe691fa0 Unloading class 0x000001f48561d800 'java/lang/invoke/LambdaForm$BMH+0x000001f48561d800'
Event: 4875.528 Thread 0x000001f4fe691fa0 Unloading class 0x000001f4859e0800 'java/lang/invoke/LambdaForm$MH+0x000001f4859e0800'
Event: 4875.528 Thread 0x000001f4fe691fa0 Unloading class 0x000001f485a2a800 'java/lang/invoke/LambdaForm$DMH+0x000001f485a2a800'
Event: 4875.528 Thread 0x000001f4fe691fa0 Unloading class 0x000001f485af9000 'java/lang/invoke/LambdaForm$MH+0x000001f485af9000'
Event: 4875.528 Thread 0x000001f4fe691fa0 Unloading class 0x000001f485b03c00 'java/lang/invoke/LambdaForm$MH+0x000001f485b03c00'
Event: 4875.528 Thread 0x000001f4fe691fa0 Unloading class 0x000001f485b09800 'java/lang/invoke/LambdaForm$MH+0x000001f485b09800'
Event: 4875.528 Thread 0x000001f4fe691fa0 Unloading class 0x000001f485b0b400 'java/lang/invoke/LambdaForm$MH+0x000001f485b0b400'
Event: 4875.528 Thread 0x000001f4fe691fa0 Unloading class 0x000001f485b0bc00 'java/lang/invoke/LambdaForm$MH+0x000001f485b0bc00'
Event: 4875.528 Thread 0x000001f4fe691fa0 Unloading class 0x000001f485b0c400 'java/lang/invoke/LambdaForm$MH+0x000001f485b0c400'

Classes redefined (2 events):
Event: 325.466 Thread 0x000001f4fe691fa0 redefined class name=com.example.dattingapp.controller.UserController, count=1
Event: 4894.113 Thread 0x000001f4fe691fa0 redefined class name=com.example.dattingapp.controller.RecommendationController, count=1

Internal exceptions (20 events):
Event: 4782.590 Thread 0x000001f4cb6dae60 Exception <a 'java/lang/NoClassDefFoundError'{0x0000000084b817d8}: org/springframework/session/jdbc/JdbcIndexedSessionRepository> (0x0000000084b817d8) 
thrown [s\open\src\hotspot\share\oops\constantPool.cpp, line 867]
Event: 4782.605 Thread 0x000001f4cb6dae60 Exception <a 'java/lang/NoSuchMethodError'{0x0000000084a10b18}: 'void java.lang.invoke.DelegatingMethodHandle$Holder.reinvoke_L(java.lang.Object, java.lang.Object, int)'> (0x0000000084a10b18) 
thrown [s\open\src\hotspot\share\interpreter\linkResolver.cpp, line 796]
Event: 4782.731 Thread 0x000001f4cb6dae60 Exception <a 'java/lang/NoSuchMethodError'{0x00000000844b4e88}: 'int java.lang.invoke.DirectMethodHandle$Holder.invokeVirtual(java.lang.Object, java.lang.Object, java.lang.Object, java.lang.Object)'> (0x00000000844b4e88) 
thrown [s\open\src\hotspot\share\interpreter\linkResolver.cpp, line 796]
Event: 4782.731 Thread 0x000001f4cb6dae60 Exception <a 'java/lang/NoSuchMethodError'{0x00000000844b8488}: 'int java.lang.invoke.DelegatingMethodHandle$Holder.reinvoke_L(java.lang.Object, java.lang.Object, java.lang.Object, java.lang.Object)'> (0x00000000844b8488) 
thrown [s\open\src\hotspot\share\interpreter\linkResolver.cpp, line 796]
Event: 4782.745 Thread 0x000001f4cb6dae60 Exception <a 'java/io/FileNotFoundException'{0x0000000084301948}> (0x0000000084301948) 
thrown [s\open\src\hotspot\share\prims\jni.cpp, line 520]
Event: 4782.800 Thread 0x000001f4cb6dae60 Exception <a 'java/io/FileNotFoundException'{0x00000000842c2908}> (0x00000000842c2908) 
thrown [s\open\src\hotspot\share\prims\jni.cpp, line 520]
Event: 4783.817 Thread 0x000001f4ca121c60 Exception <a 'java/lang/NoSuchMethodError'{0x000000008eb9adf8}: static [B.<clinit>()V> (0x000000008eb9adf8) 
thrown [s\open\src\hotspot\share\prims\jni.cpp, line 1111]
Event: 4875.426 Thread 0x000001f4cc9b6500 Exception <a 'java/lang/InterruptedException'{0x000000008e300040}: sleep interrupted> (0x000000008e300040) 
thrown [s\open\src\hotspot\share\prims\jvm.cpp, line 3093]
Event: 4875.647 Thread 0x000001f4ca120220 Exception <a 'sun/nio/fs/WindowsException'{0x0000000086fd3d50}> (0x0000000086fd3d50) 
thrown [s\open\src\hotspot\share\prims\jni.cpp, line 520]
Event: 4876.605 Thread 0x000001f4ca120220 Exception <a 'java/lang/NoClassDefFoundError'{0x000000008555bf80}: org/flywaydb/core/Flyway> (0x000000008555bf80) 
thrown [s\open\src\hotspot\share\oops\constantPool.cpp, line 867]
Event: 4878.669 Thread 0x000001f4ca120220 Exception <a 'java/lang/NoClassDefFoundError'{0x000000008555c5e0}: liquibase/integration/spring/SpringLiquibase> (0x000000008555c5e0) 
thrown [s\open\src\hotspot\share\oops\constantPool.cpp, line 867]
Event: 4878.680 Thread 0x000001f4ca120220 Exception <a 'java/lang/NoClassDefFoundError'{0x00000000855cfa80}: org/jooq/DSLContext> (0x00000000855cfa80) 
thrown [s\open\src\hotspot\share\oops\constantPool.cpp, line 867]
Event: 4878.682 Thread 0x000001f4ca120220 Exception <a 'java/lang/NoClassDefFoundError'{0x00000000855dba78}: org/springframework/batch/core/repository/JobRepository> (0x00000000855dba78) 
thrown [s\open\src\hotspot\share\oops\constantPool.cpp, line 867]
Event: 4878.683 Thread 0x000001f4ca120220 Exception <a 'java/lang/NoClassDefFoundError'{0x00000000855dc0d0}: org/quartz/Scheduler> (0x00000000855dc0d0) 
thrown [s\open\src\hotspot\share\oops\constantPool.cpp, line 867]
Event: 4878.684 Thread 0x000001f4ca120220 Exception <a 'java/lang/NoClassDefFoundError'{0x00000000855dc750}: org/springframework/session/jdbc/JdbcIndexedSessionRepository> (0x00000000855dc750) 
thrown [s\open\src\hotspot\share\oops\constantPool.cpp, line 867]
Event: 4878.694 Thread 0x000001f4ca120220 Exception <a 'java/lang/NoSuchMethodError'{0x000000008546bc50}: 'void java.lang.invoke.DelegatingMethodHandle$Holder.reinvoke_L(java.lang.Object, java.lang.Object, int)'> (0x000000008546bc50) 
thrown [s\open\src\hotspot\share\interpreter\linkResolver.cpp, line 796]
Event: 4878.818 Thread 0x000001f4ca120220 Exception <a 'java/lang/NoSuchMethodError'{0x0000000084d10b48}: 'int java.lang.invoke.DirectMethodHandle$Holder.invokeVirtual(java.lang.Object, java.lang.Object, java.lang.Object, java.lang.Object)'> (0x0000000084d10b48) 
thrown [s\open\src\hotspot\share\interpreter\linkResolver.cpp, line 796]
Event: 4878.818 Thread 0x000001f4ca120220 Exception <a 'java/lang/NoSuchMethodError'{0x0000000084d14148}: 'int java.lang.invoke.DelegatingMethodHandle$Holder.reinvoke_L(java.lang.Object, java.lang.Object, java.lang.Object, java.lang.Object)'> (0x0000000084d14148) 
thrown [s\open\src\hotspot\share\interpreter\linkResolver.cpp, line 796]
Event: 4878.833 Thread 0x000001f4ca120220 Exception <a 'java/io/FileNotFoundException'{0x0000000084d5d680}> (0x0000000084d5d680) 
thrown [s\open\src\hotspot\share\prims\jni.cpp, line 520]
Event: 4878.892 Thread 0x000001f4ca120220 Exception <a 'java/io/FileNotFoundException'{0x0000000084b1ce18}> (0x0000000084b1ce18) 
thrown [s\open\src\hotspot\share\prims\jni.cpp, line 520]

VM Operations (20 events):
Event: 4845.741 Executing VM operation: HandshakeAllThreads (HandshakeForDeflation)
Event: 4845.742 Executing VM operation: HandshakeAllThreads (HandshakeForDeflation) done
Event: 4845.742 Executing VM operation: RendezvousGCThreads
Event: 4845.742 Executing VM operation: RendezvousGCThreads done
Event: 4875.426 Executing VM operation: G1CollectFull (System.gc())
Event: 4875.498 Executing VM operation: G1CollectFull (System.gc()) done
Event: 4875.499 Executing VM operation: G1CollectFull (System.gc())
Event: 4875.568 Executing VM operation: G1CollectFull (System.gc()) done
Event: 4885.025 Executing VM operation: get/set locals
Event: 4885.025 Executing VM operation: get/set locals done
Event: 4885.415 Executing VM operation: get/set locals
Event: 4885.415 Executing VM operation: get/set locals done
Event: 4893.949 Executing VM operation: ChangeSingleStep
Event: 4893.949 Executing VM operation: ChangeSingleStep done
Event: 4894.060 Executing VM operation: ChangeSingleStep
Event: 4894.060 Executing VM operation: ChangeSingleStep done
Event: 4894.091 Executing VM operation: RedefineClasses
Event: 4894.162 Executing VM operation: RedefineClasses done
Event: 4894.169 Executing VM operation: ChangeSingleStep
Event: 4894.169 Executing VM operation: ChangeSingleStep done

Memory protections (0 events):
No events

Nmethod flushes (20 events):
Event: 4875.540 Thread 0x000001f4fe691fa0 flushing  nmethod 0x000001f4fb01bb08
Event: 4875.540 Thread 0x000001f4fe691fa0 flushing  nmethod 0x000001f4fb09b508
Event: 4875.540 Thread 0x000001f4fe691fa0 flushing  nmethod 0x000001f4fb0ea388
Event: 4875.540 Thread 0x000001f4fe691fa0 flushing  nmethod 0x000001f4fb0ed588
Event: 4875.540 Thread 0x000001f4fe691fa0 flushing  nmethod 0x000001f4fb2bdb88
Event: 4875.540 Thread 0x000001f4fe691fa0 flushing  nmethod 0x000001f4fb309f08
Event: 4875.540 Thread 0x000001f4fe691fa0 flushing  nmethod 0x000001f4fb363508
Event: 4875.540 Thread 0x000001f4fe691fa0 flushing  nmethod 0x000001f4fb39ec88
Event: 4875.540 Thread 0x000001f4fe691fa0 flushing  nmethod 0x000001f4fb3f6e88
Event: 4875.540 Thread 0x000001f4fe691fa0 flushing  nmethod 0x000001f4fb3f7488
Event: 4875.540 Thread 0x000001f4fe691fa0 flushing  nmethod 0x000001f4fb3f8608
Event: 4875.540 Thread 0x000001f4fe691fa0 flushing  nmethod 0x000001f4fb453708
Event: 4875.540 Thread 0x000001f4fe691fa0 flushing  nmethod 0x000001f4fb453e08
Event: 4875.540 Thread 0x000001f4fe691fa0 flushing  nmethod 0x000001f4fb454288
Event: 4875.540 Thread 0x000001f4fe691fa0 flushing  nmethod 0x000001f4fb454b08
Event: 4875.540 Thread 0x000001f4fe691fa0 flushing  nmethod 0x000001f4fb455908
Event: 4875.540 Thread 0x000001f4fe691fa0 flushing  nmethod 0x000001f4fb456408
Event: 4875.540 Thread 0x000001f4fe691fa0 flushing  nmethod 0x000001f4fb463988
Event: 4875.540 Thread 0x000001f4fe691fa0 flushing  nmethod 0x000001f4fb467088
Event: 4875.540 Thread 0x000001f4fe691fa0 flushing  nmethod 0x000001f4fb480e88

Events (20 events):
Event: 4875.411 Thread 0x000001f4cc9b6b90 Thread exited: 0x000001f4cc9b6b90
Event: 4875.411 Thread 0x000001f4cc9ba6a0 Thread exited: 0x000001f4cc9ba6a0
Event: 4875.412 Thread 0x000001f4cc9b85d0 Thread exited: 0x000001f4cc9b85d0
Event: 4875.415 Thread 0x000001f4ca1236a0 Thread added: 0x000001f4ca120f40
Event: 4875.416 Thread 0x000001f4cc9b92f0 Thread exited: 0x000001f4cc9b92f0
Event: 4875.420 Thread 0x000001f4ca120f40 Thread exited: 0x000001f4ca120f40
Event: 4875.426 Thread 0x000001f4cc9b6500 Thread exited: 0x000001f4cc9b6500
Event: 4875.569 Thread 0x000001f4ca1236a0 Thread added: 0x000001f4ca120220
Event: 4875.595 Thread 0x000001f4ca120220 Thread exited: 0x000001f4ca120220
Event: 4875.595 Thread 0x000001f4ca1236a0 Thread added: 0x000001f4ca120220
Event: 4875.721 Thread 0x000001f4cb6d9ab0 Thread exited: 0x000001f4cb6d9ab0
Event: 4875.723 Thread 0x000001f4cb6dbb80 Thread exited: 0x000001f4cb6dbb80
Event: 4875.815 Thread 0x000001f4ca120220 Thread added: 0x000001f4ca1208b0
Event: 4875.928 Thread 0x000001f4ca1208b0 Thread exited: 0x000001f4ca1208b0
Event: 4878.893 Thread 0x000001f4ca120220 Thread added: 0x000001f4ca1208b0
Event: 4878.894 Thread 0x000001f4ca120220 Thread added: 0x000001f4ca120f40
Event: 4878.894 Thread 0x000001f4ca120220 Thread added: 0x000001f4ca1215d0
Event: 4879.005 Thread 0x000001f4ca120220 Thread added: 0x000001f4cc9b78b0
Event: 4879.112 Thread 0x000001f4cc9b78b0 Thread added: 0x000001f4cc9b85d0
Event: 4884.543 Thread 0x000001f4cc9b85d0 Thread exited: 0x000001f4cc9b85d0


Dynamic libraries:
0x00007ff782650000 - 0x00007ff782660000 	C:\Program Files\Java\jdk-23\bin\javaw.exe
0x00007ff97b550000 - 0x00007ff97b748000 	C:\WINDOWS\SYSTEM32\ntdll.dll
0x00007ff97b040000 - 0x00007ff97b102000 	C:\WINDOWS\System32\KERNEL32.DLL
0x00007ff979020000 - 0x00007ff97931f000 	C:\WINDOWS\System32\KERNELBASE.dll
0x00007ff979470000 - 0x00007ff979570000 	C:\WINDOWS\System32\ucrtbase.dll
0x00007ff975350000 - 0x00007ff975367000 	C:\Program Files\Java\jdk-23\bin\jli.dll
0x00007ff979a40000 - 0x00007ff979bdd000 	C:\WINDOWS\System32\USER32.dll
0x00007ff978bf0000 - 0x00007ff978c12000 	C:\WINDOWS\System32\win32u.dll
0x00007ff97a360000 - 0x00007ff97a38b000 	C:\WINDOWS\System32\GDI32.dll
0x00007ff979320000 - 0x00007ff97943a000 	C:\WINDOWS\System32\gdi32full.dll
0x00007ff978c20000 - 0x00007ff978cbd000 	C:\WINDOWS\System32\msvcp_win.dll
0x00007ff974cd0000 - 0x00007ff974ceb000 	C:\Program Files\Java\jdk-23\bin\VCRUNTIME140.dll
0x00007ff965050000 - 0x00007ff9652ea000 	C:\WINDOWS\WinSxS\amd64_microsoft.windows.common-controls_6595b64144ccf1df_6.0.19041.4355_none_60b8b9eb71f62e16\COMCTL32.dll
0x00007ff979810000 - 0x00007ff9798ae000 	C:\WINDOWS\System32\msvcrt.dll
0x00007ff97a940000 - 0x00007ff97a96f000 	C:\WINDOWS\System32\IMM32.DLL
0x00007ff975340000 - 0x00007ff97534c000 	C:\Program Files\Java\jdk-23\bin\vcruntime140_1.dll
0x00007ff961790000 - 0x00007ff96181e000 	C:\Program Files\Java\jdk-23\bin\msvcp140.dll
0x00007ff9336c0000 - 0x00007ff934410000 	C:\Program Files\Java\jdk-23\bin\server\jvm.dll
0x00007ff97b460000 - 0x00007ff97b50f000 	C:\WINDOWS\System32\ADVAPI32.dll
0x00007ff97b110000 - 0x00007ff97b1af000 	C:\WINDOWS\System32\sechost.dll
0x00007ff9798b0000 - 0x00007ff9799d3000 	C:\WINDOWS\System32\RPCRT4.dll
0x00007ff979440000 - 0x00007ff979467000 	C:\WINDOWS\System32\bcrypt.dll
0x00007ff97a970000 - 0x00007ff97a9db000 	C:\WINDOWS\System32\WS2_32.dll
0x00007ff978180000 - 0x00007ff9781cb000 	C:\WINDOWS\SYSTEM32\POWRPROF.dll
0x00007ff961c50000 - 0x00007ff961c77000 	C:\WINDOWS\SYSTEM32\WINMM.dll
0x00007ff9779a0000 - 0x00007ff9779aa000 	C:\WINDOWS\SYSTEM32\VERSION.dll
0x00007ff977ff0000 - 0x00007ff978002000 	C:\WINDOWS\SYSTEM32\UMPDC.dll
0x00007ff977960000 - 0x00007ff977972000 	C:\WINDOWS\SYSTEM32\kernel.appcore.dll
0x00007ff975130000 - 0x00007ff97513a000 	C:\Program Files\Java\jdk-23\bin\jimage.dll
0x00007ff966090000 - 0x00007ff966274000 	C:\WINDOWS\SYSTEM32\DBGHELP.DLL
0x00007ff965830000 - 0x00007ff965864000 	C:\WINDOWS\SYSTEM32\dbgcore.DLL
0x00007ff978e20000 - 0x00007ff978ea2000 	C:\WINDOWS\System32\bcryptPrimitives.dll
0x00007ff966600000 - 0x00007ff96663c000 	C:\Program Files\Java\jdk-23\bin\jdwp.dll
0x00007ff973fd0000 - 0x00007ff973fdf000 	C:\Program Files\Java\jdk-23\bin\instrument.dll
0x00007ff973f20000 - 0x00007ff973f3e000 	C:\Program Files\Java\jdk-23\bin\java.dll
0x00007ff97b330000 - 0x00007ff97b45b000 	C:\WINDOWS\System32\ole32.dll
0x00007ff97acd0000 - 0x00007ff97b025000 	C:\WINDOWS\System32\combase.dll
0x00007ff979be0000 - 0x00007ff97a34d000 	C:\WINDOWS\System32\SHELL32.dll
0x00007ff9771b0000 - 0x00007ff977954000 	C:\WINDOWS\SYSTEM32\windows.storage.dll
0x00007ff978620000 - 0x00007ff97864f000 	C:\WINDOWS\SYSTEM32\Wldp.dll
0x00007ff9796c0000 - 0x00007ff97978d000 	C:\WINDOWS\System32\OLEAUT32.dll
0x00007ff97a890000 - 0x00007ff97a93d000 	C:\WINDOWS\System32\SHCORE.dll
0x00007ff9799e0000 - 0x00007ff979a35000 	C:\WINDOWS\System32\shlwapi.dll
0x00007ff978b20000 - 0x00007ff978b44000 	C:\WINDOWS\SYSTEM32\profapi.dll
0x00007ff973980000 - 0x00007ff97398c000 	C:\Program Files\Java\jdk-23\bin\dt_socket.dll
0x00007ff978010000 - 0x00007ff97804b000 	C:\WINDOWS\SYSTEM32\IPHLPAPI.DLL
0x00007ff978380000 - 0x00007ff9783ec000 	C:\WINDOWS\system32\mswsock.dll
0x00007ff978060000 - 0x00007ff97812a000 	C:\WINDOWS\SYSTEM32\DNSAPI.dll
0x00007ff97b030000 - 0x00007ff97b038000 	C:\WINDOWS\System32\NSI.dll
0x00007ff969400000 - 0x00007ff96940a000 	C:\Windows\System32\rasadhlp.dll
0x00007ff9694f0000 - 0x00007ff969570000 	C:\WINDOWS\System32\fwpuclnt.dll
0x00007ff9710c0000 - 0x00007ff9710d7000 	C:\Program Files\Java\jdk-23\bin\zip.dll
0x00007ff96f110000 - 0x00007ff96f120000 	C:\Program Files\Java\jdk-23\bin\net.dll
0x00007ff96db90000 - 0x00007ff96dba6000 	C:\Program Files\Java\jdk-23\bin\nio.dll
0x00007ff96d8f0000 - 0x00007ff96d8fa000 	C:\Program Files\Java\jdk-23\bin\management.dll
0x00007ff969e90000 - 0x00007ff969e9b000 	C:\Program Files\Java\jdk-23\bin\management_ext.dll
0x00007ff979600000 - 0x00007ff979608000 	C:\WINDOWS\System32\PSAPI.DLL
0x00007ff964130000 - 0x00007ff964147000 	C:\WINDOWS\system32\napinsp.dll
0x00007ff964110000 - 0x00007ff96412b000 	C:\WINDOWS\system32\pnrpnsp.dll
0x00007ff964000000 - 0x00007ff964015000 	C:\WINDOWS\system32\wshbth.dll
0x00007ff974b80000 - 0x00007ff974b9d000 	C:\WINDOWS\system32\NLAapi.dll
0x00007ff964090000 - 0x00007ff9640a2000 	C:\WINDOWS\System32\winrnr.dll
0x00007ff978580000 - 0x00007ff978598000 	C:\WINDOWS\SYSTEM32\CRYPTSP.dll
0x00007ff977c30000 - 0x00007ff977c64000 	C:\WINDOWS\system32\rsaenh.dll
0x00007ff978ae0000 - 0x00007ff978b0e000 	C:\WINDOWS\SYSTEM32\USERENV.dll
0x00007ff978570000 - 0x00007ff97857c000 	C:\WINDOWS\SYSTEM32\CRYPTBASE.dll
0x00007ff968d40000 - 0x00007ff968d49000 	C:\Program Files\Java\jdk-23\bin\extnet.dll
0x00007ff968d30000 - 0x00007ff968d40000 	C:\Program Files\Java\jdk-23\bin\verify.dll
0x00007ff968d20000 - 0x00007ff968d2e000 	C:\Program Files\Java\jdk-23\bin\sunmscapi.dll
0x00007ff978cc0000 - 0x00007ff978e1c000 	C:\WINDOWS\System32\CRYPT32.dll
0x00007ff978690000 - 0x00007ff9786b7000 	C:\WINDOWS\SYSTEM32\ncrypt.dll
0x00007ff978650000 - 0x00007ff97868b000 	C:\WINDOWS\SYSTEM32\NTASN1.dll
0x0000000180000000 - 0x0000000180374000 	C:\Users\DELL\Downloads\Software\apache-tomcat-9.0.95\bin\tcnative-1.dll
0x00007ff963cb0000 - 0x00007ff963cb7000 	C:\WINDOWS\system32\wshunix.dll

dbghelp: loaded successfully - version: 4.0.5 - missing functions: none
symbol engine: initialized successfully - sym options: 0x614 - pdb path: .;C:\Program Files\Java\jdk-23\bin;C:\WINDOWS\SYSTEM32;C:\WINDOWS\WinSxS\amd64_microsoft.windows.common-controls_6595b64144ccf1df_6.0.19041.4355_none_60b8b9eb71f62e16;C:\Program Files\Java\jdk-23\bin\server;C:\Users\DELL\Downloads\Software\apache-tomcat-9.0.95\bin

VM Arguments:
jvm_args: -XX:+ShowCodeDetailsInExceptionMessages -agentlib:jdwp=transport=dt_socket,suspend=y,address=localhost:62703 -Dcom.sun.management.jmxremote -Dcom.sun.management.jmxremote.port=62697 -Dcom.sun.management.jmxremote.authenticate=false -Dcom.sun.management.jmxremote.ssl=false -Djava.rmi.server.hostname=localhost -Dspring.jmx.enabled=true -Dmanagement.endpoints.jmx.exposure.include=* -Dspring.application.admin.enabled=true -XX:TieredStopAtLevel=1 -Dspring.boot.project.name=dattingapp -javaagent:C:\Users\DELL\Downloads\Software\sts-4.26.0.RELEASE\configuration\org.eclipse.osgi\271\0\.cp\lib\javaagent-shaded.jar -Dfile.encoding=UTF-8 -Dstdout.encoding=UTF-8 -Dstderr.encoding=UTF-8 
java_command: com.example.dattingapp.DattingappApplication --spring.output.ansi.enabled=always
java_class_path (initial): C:\Users\DELL\OneDrive\Desktop\Estuate Project\dattingapp\target\classes;C:\Users\DELL\.m2\repository\org\springframework\boot\spring-boot-starter-data-jpa\3.4.3\spring-boot-starter-data-jpa-3.4.3.jar;C:\Users\DELL\.m2\repository\org\springframework\boot\spring-boot-starter\3.4.3\spring-boot-starter-3.4.3.jar;C:\Users\DELL\.m2\repository\org\springframework\boot\spring-boot-starter-logging\3.4.3\spring-boot-starter-logging-3.4.3.jar;C:\Users\DELL\.m2\repository\ch\qos\logback\logback-classic\1.5.16\logback-classic-1.5.16.jar;C:\Users\DELL\.m2\repository\ch\qos\logback\logback-core\1.5.16\logback-core-1.5.16.jar;C:\Users\DELL\.m2\repository\org\apache\logging\log4j\log4j-to-slf4j\2.24.3\log4j-to-slf4j-2.24.3.jar;C:\Users\DELL\.m2\repository\org\apache\logging\log4j\log4j-api\2.24.3\log4j-api-2.24.3.jar;C:\Users\DELL\.m2\repository\org\slf4j\jul-to-slf4j\2.0.16\jul-to-slf4j-2.0.16.jar;C:\Users\DELL\.m2\repository\jakarta\annotation\jakarta.annotation-api\2.1.1\jakarta.annotation-api-2.1.1.jar;C:\Users\DELL\.m2\repository\org\yaml\snakeyaml\2.3\snakeyaml-2.3.jar;C:\Users\DELL\.m2\repository\org\springframework\boot\spring-boot-starter-jdbc\3.4.3\spring-boot-starter-jdbc-3.4.3.jar;C:\Users\DELL\.m2\repository\com\zaxxer\HikariCP\5.1.0\HikariCP-5.1.0.jar;C:\Users\DELL\.m2\repository\org\springframework\spring-jdbc\6.2.3\spring-jdbc-6.2.3.jar;C:\Users\DELL\.m2\repository\org\hibernate\orm\hibernate-core\6.6.8.Final\hibernate-core-6.6.8.Final.jar;C:\Users\DELL\.m2\repository\jakarta\persistence\jakarta.persistence-api\3.1.0\jakarta.persistence-api-3.1.0.jar;C:\Users\DELL\.m2\repository\jakarta\transaction\jakarta.transaction-api\2.0.1\jakarta.transaction-api-2.0.1.jar;C:\Users\DELL\.m2\repository\org\jboss\logging\jboss-logging\3.6.1.Final\jboss-logging-3.6.1.Final.jar;C:\Users\DELL\.m2\repository\org\hibernate\common\hibernate-commons-annotations\7.0.3.Final\hibernate-commons-annotations-7.0.3.Final.jar;C:\Users\DELL\.m2\repository\io\smallrye\jandex\3.2.0\jandex-3.2.0.jar;C:\Users\DELL\.m2\repository\com\fasterxml\classmate\1.7.0\classmate-1.7.0.jar;C:\Users\DELL\.m2\repository\net\bytebuddy\byte-buddy\1.15.11\byte-buddy-1.15.11.jar;C:\Users\DELL\.m2\repository\org\glassfish\jaxb\jaxb-runtime\4.0.5\jaxb-runtime-4.0.5.jar;C:\Users\DELL\.m2\repository\org\glassfish\jaxb\jaxb-core\4.0.5\jaxb-core-4.0.5.jar;C:\Users\DELL\.m2\repository\org\eclipse\angus\angus-activation\2.0.2\angus-activation-2.0.2.jar;C:\Users\DELL\.m2\repository\org\glassfish\jaxb\txw2\4.0.5\txw2-4.0.5.jar;C:\Users\DELL\.m2\repository\com\sun\istack\istack-commons-runtime\4.1.2\istack-commons-runtime-4.1.2.jar;C:\Users\DELL\.m2\repository\jakarta\inject\jakarta.inject-api\2.0.1\jakarta.inject-api-2.0.1.jar;C:\Users\DELL\.m2\repository\org\antlr\antlr4-runtime\4.13.0\antlr4-runtime-4.13.0.jar;C:\Users\DELL\.m2\repository\org\springframework\data\spring-data-jpa\3.4.3\spring-data-jpa-3.4.3.jar;C:\Users\DELL\.m2\repository\org\springframework\data\spring-data-commons\3.4.3\spring-data-commons-3.4.3.jar;C:\Users\DELL\.m2\repository\org\springframework\spring-orm\6.2.3\spring-orm-6.2.3.jar;C:\Users\DELL\.m2\repository\org\springframework\spring-context\6.2.3\spring-context-6.2.3.jar;C:\Users\DELL\.m2\repository\org\springframework\spring-aop\6.2.3\spring-aop-6.2.3.jar;C:\Users\DELL\.m2\repository\org\springframework\spring-tx\6.2.3\spring-tx-6.2.3.jar;C:\Users\DELL\.m2\repository\org\springframework\spring-beans\6.2.3\spring-beans-6.2.3.jar;C:\Users\DELL\.m2\repository\org\slf4j\slf4j-api\2.0.16\slf4j-api-2.0.16.jar;C:\Users\DELL\.m2\repository\org\springframework\spring-aspects\6.2.3\spring-aspects-6.2.3.jar;C:\Users\DELL\.m2\repository\org\aspectj\aspectjweaver\1.9.22.1\aspectjweaver-1.9.22.1.jar;C:\Users\DELL\.m2\repository\org\springframework\boot\spring-boot-starter-web\3.4.3\spring-boot-starter-web-3.4.3.jar;C:\Users\DELL\.m2\repository\org\springframework\boot\spring-boot-starter-json\3.4.3\spring-boot-starter-json-3.4.3.jar;C:\Users\DELL\.m2\repository\com\fasterxml\jackson\core\jackson-databind\2.18.2\jackson-databind-2.18.2.jar;C:\Users\DELL\.m2\repository\com\fasterxml\jackson\core\jackson-annotations\2.18.2\jackson-annotations-2.18.2.jar;C:\Users\DELL\.m2\repository\com\fasterxml\jackson\core\jackson-core\2.18.2\jackson-core-2.18.2.jar;C:\Users\DELL\.m2\repository\com\fasterxml\jackson\datatype\jackson-datatype-jdk8\2.18.2\jackson-datatype-jdk8-2.18.2.jar;C:\Users\DELL\.m2\repository\com\fasterxml\jackson\datatype\jackson-datatype-jsr310\2.18.2\jackson-datatype-jsr310-2.18.2.jar;C:\Users\DELL\.m2\repository\com\fasterxml\jackson\module\jackson-module-parameter-names\2.18.2\jackson-module-parameter-names-2.18.2.jar;C:\Users\DELL\.m2\repository\org\springframework\boot\spring-boot-starter-tomcat\3.4.3\spring-boot-starter-tomcat-3.4.3.jar;C:\Users\DELL\.m2\repository\org\apache\tomcat\embed\tomcat-embed-core\10.1.36\tomcat-embed-core-10.1.36.jar;C:\Users\DELL\.m2\repository\org\apache\tomcat\embed\tomcat-embed-el\10.1.36\tomcat-embed-el-10.1.36.jar;C:\Users\DELL\.m2\repository\org\apache\tomcat\embed\tomcat-embed-websocket\10.1.36\tomcat-embed-websocket-10.1.36.jar;C:\Users\DELL\.m2\repository\org\springframework\spring-web\6.2.3\spring-web-6.2.3.jar;C:\Users\DELL\.m2\repository\io\micrometer\micrometer-observation\1.14.4\micrometer-observation-1.14.4.jar;C:\Users\DELL\.m2\repository\io\micrometer\micrometer-commons\1.14.4\micrometer-commons-1.14.4.jar;C:\Users\DELL\.m2\repository\org\springframework\spring-webmvc\6.2.3\spring-webmvc-6.2.3.jar;C:\Users\DELL\.m2\repository\org\springframework\spring-expression\6.2.3\spring-expression-6.2.3.jar;C:\Users\DELL\.m2\repository\org\springframework\boot\spring-boot-devtools\3.4.3\spring-boot-devtools-3.4.3.jar;C:\Users\DELL\.m2\repository\org\springframework\boot\spring-boot\3.4.3\spring-boot-3.4.3.jar;C:\Users\DELL\.m2\repository\org\springframework\boot\spring-boot-autoconfigure\3.4.3\spring-boot-autoconfigure-3.4.3.jar;C:\Users\DELL\.m2\repository\com\mysql\mysql-connector-j\9.1.0\mysql-connector-j-9.1.0.jar;C:\Users\DELL\.m2\repository\org\projectlombok\lombok\1.18.36\lombok-1.18.36.jar;C:\Users\DELL\.m2\repository\jakarta\xml\bind\jakarta.xml.bind-api\4.0.2\jakarta.xml.bind-api-4.0.2.jar;C:\Users\DELL\.m2\repository\jakarta\activation\jakarta.activation-api\2.1.3\jakarta.activation-api-2.1.3.jar;C:\Users\DELL\.m2\repository\org\springframework\spring-core\6.2.3\spring-core-6.2.3.jar;C:\Users\DELL\.m2\repository\org\springframework\spring-jcl\6.2.3\spring-jcl-6.2.3.jar
Launcher Type: SUN_STANDARD

[Global flags]
     intx CICompilerCount                          = 3                                         {product} {ergonomic}
     uint ConcGCThreads                            = 1                                         {product} {ergonomic}
     uint G1ConcRefinementThreads                  = 4                                         {product} {ergonomic}
   size_t G1HeapRegionSize                         = 1048576                                   {product} {ergonomic}
   size_t InitialHeapSize                          = 134217728                                 {product} {ergonomic}
     bool ManagementServer                         = true                                      {product} {command line}
   size_t MarkStackSize                            = 4194304                                   {product} {ergonomic}
   size_t MarkStackSizeMax                         = 536870912                                 {product} {ergonomic}
   size_t MaxHeapSize                              = 2124414976                                {product} {ergonomic}
   size_t MaxNewSize                               = 1274019840                                {product} {ergonomic}
   size_t MinHeapDeltaBytes                        = 1048576                                   {product} {ergonomic}
   size_t MinHeapSize                              = 8388608                                   {product} {ergonomic}
    uintx NonNMethodCodeHeapSize                   = 4096                                   {pd product} {ergonomic}
    uintx NonProfiledCodeHeapSize                  = 0                                      {pd product} {ergonomic}
     bool ProfileInterpreter                       = false                                  {pd product} {command line}
    uintx ProfiledCodeHeapSize                     = 0                                      {pd product} {ergonomic}
     bool ShowCodeDetailsInExceptionMessages       = true                                   {manageable} {command line}
   size_t SoftMaxHeapSize                          = 2124414976                             {manageable} {ergonomic}
     intx TieredStopAtLevel                        = 1                                         {product} {command line}
     bool UseCompressedOops                        = true                           {product lp64_product} {ergonomic}
     bool UseG1GC                                  = true                                      {product} {ergonomic}
     bool UseLargePagesIndividualAllocation        = false                                  {pd product} {ergonomic}

Logging:
Log output configuration:
 #0: stdout all=warning uptime,level,tags foldmultilines=false
 #1: stderr all=off uptime,level,tags foldmultilines=false

Environment Variables:
JAVA_HOME=C:\Program Files\Java\jdk-23
PATH=C:/Users/DELL/Downloads/Software/sts-4.26.0.RELEASE//plugins/org.eclipse.justj.openjdk.hotspot.jre.full.win32.x86_64_21.0.4.v20240802-1551/jre/bin/server;C:/Users/DELL/Downloads/Software/sts-4.26.0.RELEASE//plugins/org.eclipse.justj.openjdk.hotspot.jre.full.win32.x86_64_21.0.4.v20240802-1551/jre/bin;C:\Program Files\Common Files\Oracle\Java\javapath;C:\Program Files (x86)\Common Files\Oracle\Java\javapath;C:\oracle\product\10.2.0\db_1\bin;C:\WINDOWS\system32;C:\WINDOWS;C:\WINDOWS\System32\Wbem;C:\WINDOWS\System32\WindowsPowerShell\v1.0\;C:\WINDOWS\System32\OpenSSH\;C:\Program Files (x86)\Microsoft SQL Server\160\Tools\Binn\;C:\Program Files\Microsoft SQL Server\160\Tools\Binn\;C:\Program Files\Microsoft SQL Server\Client SDK\ODBC\170\Tools\Binn\;C:\Program Files\Microsoft SQL Server\160\DTS\Binn\;C:\Program Files\nodejs\;C:\Users\DELL\Downloads\Software\apache-tomcat-9.0.95\bin;C:\Program Files\Git\cmd;C:\Program Files\Java\jdk-23\bin;C:\Users\DELL\AppData\Local\Microsoft\WindowsApps;;C:\Users\DELL\AppData\Local\Programs\Microsoft VS Code\bin;C:\Program Files\JetBrains\PyCharm 2023.1.2\bin;;C:\Users\DELL\AppData\Local\JetBrains\PyCharm Community Edition 2023.1.2\bin;;C:\Users\DELL\AppData\Roaming\npm;C:\Users\DELL\Downloads\Software\sts-4.26.0.RELEASE;
USERNAME=DELL
OS=Windows_NT
PROCESSOR_IDENTIFIER=Intel64 Family 6 Model 69 Stepping 1, GenuineIntel
TMP=C:\Users\DELL\AppData\Local\Temp
TEMP=C:\Users\DELL\AppData\Local\Temp




Periodic native trim disabled

---------------  S Y S T E M  ---------------

OS:
 Windows 10 , 64 bit Build 19041 (10.0.19041.5438)
OS uptime: 1 days 5:13 hours

CPU: total 4 (initial active 4) (2 cores per cpu, 2 threads per core) family 6 model 69 stepping 1 microcode 0x25, cx8, cmov, fxsr, ht, mmx, sse, sse2, sse3, ssse3, sse4.1, sse4.2, popcnt, lzcnt, tsc, tscinvbit, avx, avx2, aes, erms, clmul, bmi1, bmi2, fma, vzeroupper, clflush, rdtscp, f16c
Processor Information for the first 4 processors :
  Max Mhz: 2601, Current Mhz: 2601, Mhz Limit: 2601

Memory: 4k page, system-wide physical 8097M (907M free)
TotalPageFile size 13884M (AvailPageFile size 1733M)
current process WorkingSet (physical memory assigned to process): 254M, peak: 272M
current process commit charge ("private bytes"): 300M, peak: 465M

vm_info: Java HotSpot(TM) 64-Bit Server VM (23.0.2+7-58) for windows-amd64 JRE (23.0.2+7-58), built on 2024-11-29T09:34:55Z with MS VC++ 17.6 (VS2022)

END.
